#
# There is insufficient memory for the Java Runtime Environment to continue.
# Native memory allocation (malloc) failed to allocate 904976 bytes for Chunk::new
# Possible reasons:
#   The system is out of physical RAM or swap space
#   The process is running with CompressedOops enabled, and the Java Heap may be blocking the growth of the native heap
# Possible solutions:
#   Reduce memory load on the system
#   Increase physical memory or swap space
#   Check if swap backing store is full
#   Decrease Java heap size (-Xmx/-Xms)
#   Decrease number of Java threads
#   Decrease Java thread stack sizes (-Xss)
#   Set larger code cache with -XX:ReservedCodeCacheSize=
#   JVM is running with Unscaled Compressed Oops mode in which the Java heap is
#     placed in the first 4GB address space. The Java Heap base address is the
#     maximum limit for the native heap growth. Please use -XX:HeapBaseMinAddress
#     to set the Java Heap base and to place the Java Heap above 4GB virtual address.
# This output file may be truncated or incomplete.
#
#  Out of Memory Error (arena.cpp:197), pid=13796, tid=6192
#
# JRE version: OpenJDK Runtime Environment OpenLogic-OpenJDK (11.0.22+7) (build 11.0.22+7-adhoc..jdk11u)
# Java VM: OpenJDK 64-Bit Server VM OpenLogic-OpenJDK (11.0.22+7-adhoc..jdk11u, mixed mode, tiered, compressed oops, g1 gc, windows-amd64)
# No core dump will be written. Minidumps are not enabled by default on client versions of Windows
#

---------------  S U M M A R Y ------------

Command Line: C:\Users\4400~1\AppData\Local\Temp\surefire17599891079019515766\surefirebooter5189502054055200187.jar C:\Users\«·ÂœÌ\AppData\Local\Temp\surefire17599891079019515766 2024-08-08T18-17-14_105-jvmRun1 surefire10630562156216746326tmp surefire_011475495490268847896tmp

Host: Intel(R) Core(TM) i5-8250U CPU @ 1.60GHz, 8 cores, 7G,  Windows 11 , 64 bit Build 22621 (10.0.22621.3672)
Time: Thu Aug  8 18:17:22 2024 Egypt Daylight Time elapsed time: 7.825189 seconds (0d 0h 0m 7s)

---------------  T H R E A D  ---------------

Current thread (0x00000211d9bd1000):  JavaThread "C2 CompilerThread2" daemon [_thread_in_native, id=6192, stack(0x000000d337700000,0x000000d337800000)]


Current CompileTask:
C2:   7825 5551   !   4       jdk.internal.loader.Resource::getBytes (242 bytes)

Stack: [0x000000d337700000,0x000000d337800000]
Native frames: (J=compiled Java code, j=interpreted, Vv=VM code, C=native code)
V  [jvm.dll+0x64101a]
V  [jvm.dll+0x785ce9]
V  [jvm.dll+0x7873e9]
V  [jvm.dll+0x787ad3]
V  [jvm.dll+0x2675e5]
V  [jvm.dll+0xc0afc]
V  [jvm.dll+0xc10ac]
V  [jvm.dll+0x376f77]
V  [jvm.dll+0x342085]
V  [jvm.dll+0x34145a]
V  [jvm.dll+0x21f79f]
V  [jvm.dll+0x21e7a8]
V  [jvm.dll+0x19c101]
V  [jvm.dll+0x22e759]
V  [jvm.dll+0x22c8cf]
V  [jvm.dll+0x747091]
V  [jvm.dll+0x73fdc4]
V  [jvm.dll+0x63fdd5]
C  [ucrtbase.dll+0x29333]
C  [KERNEL32.DLL+0x1257d]
C  [ntdll.dll+0x5af28]


---------------  P R O C E S S  ---------------

Threads class SMR info:
_java_thread_list=0x00000211d871fd80, length=14, elements={
0x00000211b4791800, 0x00000211d6ad1800, 0x00000211d6a9e800, 0x00000211d7458000,
0x00000211d7459000, 0x00000211d745a000, 0x00000211d6add000, 0x00000211d7461000,
0x00000211d7464800, 0x00000211d75e8000, 0x00000211d76ca000, 0x00000211d77cd800,
0x00000211d7c33000, 0x00000211d9bd1000
}

Java Threads: ( => current thread )
  0x00000211b4791800 JavaThread "main" [_thread_in_Java, id=19316, stack(0x000000d336000000,0x000000d336100000)]
  0x00000211d6ad1800 JavaThread "Reference Handler" daemon [_thread_blocked, id=18656, stack(0x000000d336700000,0x000000d336800000)]
  0x00000211d6a9e800 JavaThread "Finalizer" daemon [_thread_blocked, id=8564, stack(0x000000d336800000,0x000000d336900000)]
  0x00000211d7458000 JavaThread "Signal Dispatcher" daemon [_thread_blocked, id=16436, stack(0x000000d336900000,0x000000d336a00000)]
  0x00000211d7459000 JavaThread "Attach Listener" daemon [_thread_blocked, id=3164, stack(0x000000d336a00000,0x000000d336b00000)]
  0x00000211d745a000 JavaThread "Service Thread" daemon [_thread_blocked, id=19560, stack(0x000000d336b00000,0x000000d336c00000)]
  0x00000211d6add000 JavaThread "C2 CompilerThread0" daemon [_thread_in_native, id=10740, stack(0x000000d336c00000,0x000000d336d00000)]
  0x00000211d7461000 JavaThread "C1 CompilerThread0" daemon [_thread_blocked, id=1340, stack(0x000000d336d00000,0x000000d336e00000)]
  0x00000211d7464800 JavaThread "Sweeper thread" daemon [_thread_blocked, id=19668, stack(0x000000d336e00000,0x000000d336f00000)]
  0x00000211d75e8000 JavaThread "Common-Cleaner" daemon [_thread_blocked, id=16300, stack(0x000000d337000000,0x000000d337100000)]
  0x00000211d76ca000 JavaThread "surefire-forkedjvm-command-thread" daemon [_thread_in_native, id=18588, stack(0x000000d337100000,0x000000d337200000)]
  0x00000211d77cd800 JavaThread "surefire-forkedjvm-ping-30s" daemon [_thread_blocked, id=11656, stack(0x000000d337200000,0x000000d337300000)]
  0x00000211d7c33000 JavaThread "C2 CompilerThread1" daemon [_thread_in_native, id=18440, stack(0x000000d337300000,0x000000d337400000)]
=>0x00000211d9bd1000 JavaThread "C2 CompilerThread2" daemon [_thread_in_native, id=6192, stack(0x000000d337700000,0x000000d337800000)]

Other Threads:
  0x00000211d6a9c000 VMThread "VM Thread" [stack: 0x000000d336600000,0x000000d336700000] [id=19232]
  0x00000211d75e7800 WatcherThread [stack: 0x000000d336f00000,0x000000d337000000] [id=13148]
  0x00000211b47aa800 GCTaskThread "GC Thread#0" [stack: 0x000000d336100000,0x000000d336200000] [id=7496]
  0x00000211d82ef800 GCTaskThread "GC Thread#1" [stack: 0x000000d337400000,0x000000d337500000] [id=20244]
  0x00000211d82f0000 GCTaskThread "GC Thread#2" [stack: 0x000000d337500000,0x000000d337600000] [id=18232]
  0x00000211b47dc800 ConcurrentGCThread "G1 Main Marker" [stack: 0x000000d336200000,0x000000d336300000] [id=10128]
  0x00000211b47de800 ConcurrentGCThread "G1 Conc#0" [stack: 0x000000d336300000,0x000000d336400000] [id=19136]
  0x00000211d8852000 ConcurrentGCThread "G1 Conc#1" [stack: 0x000000d337600000,0x000000d337700000] [id=7880]
  0x00000211b485d800 ConcurrentGCThread "G1 Refine#0" [stack: 0x000000d336400000,0x000000d336500000] [id=9320]
  0x00000211d6906800 ConcurrentGCThread "G1 Young RemSet Sampling" [stack: 0x000000d336500000,0x000000d336600000] [id=18348]

Threads with active compile tasks:
C2 CompilerThread0     7855 5552       4       jdk.internal.loader.BuiltinClassLoader::loadClass (22 bytes)
C2 CompilerThread1     7855 5545       4       jdk.internal.loader.ClassLoaders$AppClassLoader::loadClass (40 bytes)
C2 CompilerThread2     7855 5551   !   4       jdk.internal.loader.Resource::getBytes (242 bytes)

VM state:not at safepoint (normal execution)

VM Mutex/Monitor currently owned by a thread: None

Heap address: 0x0000000082200000, size: 2014 MB, Compressed Oops mode: 32-bit
Narrow klass base: 0x0000000000000000, Narrow klass shift: 3
Compressed class space size: 1073741824 Address: 0x0000000100000000

Heap:
 garbage-first heap   total 129024K, used 29184K [0x0000000082200000, 0x0000000100000000)
  region size 1024K, 15 young (15360K), 7 survivors (7168K)
 Metaspace       used 56593K, capacity 58285K, committed 58368K, reserved 1099776K
  class space    used 7198K, capacity 7883K, committed 7936K, reserved 1048576K
Heap Regions: E=young(eden), S=young(survivor), O=old, HS=humongous(starts), HC=humongous(continues), CS=collection set, F=free, A=archive, TAMS=top-at-mark-start (previous, next)
|   0|0x0000000082200000, 0x0000000082300000, 0x0000000082300000|100%|HS|  |TAMS 0x0000000082300000, 0x0000000082200000| Complete 
|   1|0x0000000082300000, 0x0000000082400000, 0x0000000082400000|100%| O|  |TAMS 0x0000000082400000, 0x0000000082300000| Untracked 
|   2|0x0000000082400000, 0x0000000082500000, 0x0000000082500000|100%| O|  |TAMS 0x0000000082500000, 0x0000000082400000| Untracked 
|   3|0x0000000082500000, 0x0000000082600000, 0x0000000082600000|100%| O|  |TAMS 0x0000000082600000, 0x0000000082500000| Untracked 
|   4|0x0000000082600000, 0x0000000082700000, 0x0000000082700000|100%| O|  |TAMS 0x0000000082700000, 0x0000000082600000| Untracked 
|   5|0x0000000082700000, 0x0000000082800000, 0x0000000082800000|100%| O|  |TAMS 0x0000000082800000, 0x0000000082700000| Untracked 
|   6|0x0000000082800000, 0x0000000082900000, 0x0000000082900000|100%| O|  |TAMS 0x0000000082900000, 0x0000000082800000| Untracked 
|   7|0x0000000082900000, 0x0000000082a00000, 0x0000000082a00000|100%| O|  |TAMS 0x00000000829a5600, 0x0000000082900000| Untracked 
|   8|0x0000000082a00000, 0x0000000082b00000, 0x0000000082b00000|100%| O|  |TAMS 0x0000000082a00000, 0x0000000082a00000| Untracked 
|   9|0x0000000082b00000, 0x0000000082c00000, 0x0000000082c00000|100%| O|  |TAMS 0x0000000082b00000, 0x0000000082b00000| Untracked 
|  10|0x0000000082c00000, 0x0000000082d00000, 0x0000000082d00000|100%| O|  |TAMS 0x0000000082c00000, 0x0000000082c00000| Untracked 
|  11|0x0000000082d00000, 0x0000000082e00000, 0x0000000082e00000|100%| O|  |TAMS 0x0000000082d00000, 0x0000000082d00000| Untracked 
|  12|0x0000000082e00000, 0x0000000082f00000, 0x0000000082f00000|100%| O|  |TAMS 0x0000000082e00000, 0x0000000082e00000| Untracked 
|  13|0x0000000082f00000, 0x0000000083000000, 0x0000000083000000|100%| O|  |TAMS 0x0000000082f00000, 0x0000000082f00000| Untracked 
|  14|0x0000000083000000, 0x0000000083100000, 0x0000000083100000|100%| O|  |TAMS 0x0000000083000000, 0x0000000083000000| Untracked 
|  15|0x0000000083100000, 0x0000000083100000, 0x0000000083200000|  0%| F|  |TAMS 0x0000000083100000, 0x0000000083100000| Untracked 
|  16|0x0000000083200000, 0x0000000083200000, 0x0000000083300000|  0%| F|  |TAMS 0x0000000083200000, 0x0000000083200000| Untracked 
|  17|0x0000000083300000, 0x0000000083300000, 0x0000000083400000|  0%| F|  |TAMS 0x0000000083300000, 0x0000000083300000| Untracked 
|  18|0x0000000083400000, 0x0000000083400000, 0x0000000083500000|  0%| F|  |TAMS 0x0000000083400000, 0x0000000083400000| Untracked 
|  19|0x0000000083500000, 0x0000000083500000, 0x0000000083600000|  0%| F|  |TAMS 0x0000000083500000, 0x0000000083500000| Untracked 
|  20|0x0000000083600000, 0x0000000083600000, 0x0000000083700000|  0%| F|  |TAMS 0x0000000083600000, 0x0000000083600000| Untracked 
|  21|0x0000000083700000, 0x0000000083700000, 0x0000000083800000|  0%| F|  |TAMS 0x0000000083700000, 0x0000000083700000| Untracked 
|  22|0x0000000083800000, 0x0000000083800000, 0x0000000083900000|  0%| F|  |TAMS 0x0000000083800000, 0x0000000083800000| Untracked 
|  23|0x0000000083900000, 0x0000000083900000, 0x0000000083a00000|  0%| F|  |TAMS 0x0000000083900000, 0x0000000083900000| Untracked 
|  24|0x0000000083a00000, 0x0000000083a00000, 0x0000000083b00000|  0%| F|  |TAMS 0x0000000083a00000, 0x0000000083a00000| Untracked 
|  25|0x0000000083b00000, 0x0000000083b00000, 0x0000000083c00000|  0%| F|  |TAMS 0x0000000083b00000, 0x0000000083b00000| Untracked 
|  26|0x0000000083c00000, 0x0000000083c00000, 0x0000000083d00000|  0%| F|  |TAMS 0x0000000083c00000, 0x0000000083c00000| Untracked 
|  27|0x0000000083d00000, 0x0000000083d00000, 0x0000000083e00000|  0%| F|  |TAMS 0x0000000083d00000, 0x0000000083d00000| Untracked 
|  28|0x0000000083e00000, 0x0000000083e00000, 0x0000000083f00000|  0%| F|  |TAMS 0x0000000083e00000, 0x0000000083e00000| Untracked 
|  29|0x0000000083f00000, 0x0000000083f00000, 0x0000000084000000|  0%| F|  |TAMS 0x0000000083f00000, 0x0000000083f00000| Untracked 
|  30|0x0000000084000000, 0x0000000084000000, 0x0000000084100000|  0%| F|  |TAMS 0x0000000084000000, 0x0000000084000000| Untracked 
|  31|0x0000000084100000, 0x0000000084100000, 0x0000000084200000|  0%| F|  |TAMS 0x0000000084100000, 0x0000000084100000| Untracked 
|  32|0x0000000084200000, 0x0000000084200000, 0x0000000084300000|  0%| F|  |TAMS 0x0000000084200000, 0x0000000084200000| Untracked 
|  33|0x0000000084300000, 0x0000000084300000, 0x0000000084400000|  0%| F|  |TAMS 0x0000000084300000, 0x0000000084300000| Untracked 
|  34|0x0000000084400000, 0x0000000084400000, 0x0000000084500000|  0%| F|  |TAMS 0x0000000084400000, 0x0000000084400000| Untracked 
|  35|0x0000000084500000, 0x0000000084500000, 0x0000000084600000|  0%| F|  |TAMS 0x0000000084500000, 0x0000000084500000| Untracked 
|  36|0x0000000084600000, 0x0000000084600000, 0x0000000084700000|  0%| F|  |TAMS 0x0000000084600000, 0x0000000084600000| Untracked 
|  37|0x0000000084700000, 0x0000000084700000, 0x0000000084800000|  0%| F|  |TAMS 0x0000000084700000, 0x0000000084700000| Untracked 
|  38|0x0000000084800000, 0x0000000084800000, 0x0000000084900000|  0%| F|  |TAMS 0x0000000084800000, 0x0000000084800000| Untracked 
|  39|0x0000000084900000, 0x0000000084900000, 0x0000000084a00000|  0%| F|  |TAMS 0x0000000084900000, 0x0000000084900000| Untracked 
|  40|0x0000000084a00000, 0x0000000084a00000, 0x0000000084b00000|  0%| F|  |TAMS 0x0000000084a00000, 0x0000000084a00000| Untracked 
|  41|0x0000000084b00000, 0x0000000084b00000, 0x0000000084c00000|  0%| F|  |TAMS 0x0000000084b00000, 0x0000000084b00000| Untracked 
|  42|0x0000000084c00000, 0x0000000084c00000, 0x0000000084d00000|  0%| F|  |TAMS 0x0000000084c00000, 0x0000000084c00000| Untracked 
|  43|0x0000000084d00000, 0x0000000084d00000, 0x0000000084e00000|  0%| F|  |TAMS 0x0000000084d00000, 0x0000000084d00000| Untracked 
|  44|0x0000000084e00000, 0x0000000084e00000, 0x0000000084f00000|  0%| F|  |TAMS 0x0000000084e00000, 0x0000000084e00000| Untracked 
|  45|0x0000000084f00000, 0x0000000084f00000, 0x0000000085000000|  0%| F|  |TAMS 0x0000000084f00000, 0x0000000084f00000| Untracked 
|  46|0x0000000085000000, 0x0000000085080020, 0x0000000085100000| 50%| S|CS|TAMS 0x0000000085000000, 0x0000000085000000| Complete 
|  47|0x0000000085100000, 0x0000000085200000, 0x0000000085200000|100%| S|CS|TAMS 0x0000000085100000, 0x0000000085100000| Complete 
|  48|0x0000000085200000, 0x0000000085300000, 0x0000000085300000|100%| S|CS|TAMS 0x0000000085200000, 0x0000000085200000| Complete 
|  49|0x0000000085300000, 0x0000000085400000, 0x0000000085400000|100%| S|CS|TAMS 0x0000000085300000, 0x0000000085300000| Complete 
|  50|0x0000000085400000, 0x0000000085500000, 0x0000000085500000|100%| S|CS|TAMS 0x0000000085400000, 0x0000000085400000| Complete 
|  51|0x0000000085500000, 0x0000000085600000, 0x0000000085600000|100%| S|CS|TAMS 0x0000000085500000, 0x0000000085500000| Complete 
|  52|0x0000000085600000, 0x0000000085700000, 0x0000000085700000|100%| S|CS|TAMS 0x0000000085600000, 0x0000000085600000| Complete 
|  53|0x0000000085700000, 0x0000000085700000, 0x0000000085800000|  0%| F|  |TAMS 0x0000000085700000, 0x0000000085700000| Untracked 
|  54|0x0000000085800000, 0x0000000085800000, 0x0000000085900000|  0%| F|  |TAMS 0x0000000085800000, 0x0000000085800000| Untracked 
|  55|0x0000000085900000, 0x0000000085900000, 0x0000000085a00000|  0%| F|  |TAMS 0x0000000085900000, 0x0000000085900000| Untracked 
|  56|0x0000000085a00000, 0x0000000085a00000, 0x0000000085b00000|  0%| F|  |TAMS 0x0000000085a00000, 0x0000000085a00000| Untracked 
|  57|0x0000000085b00000, 0x0000000085b00000, 0x0000000085c00000|  0%| F|  |TAMS 0x0000000085b00000, 0x0000000085b00000| Untracked 
|  58|0x0000000085c00000, 0x0000000085c00000, 0x0000000085d00000|  0%| F|  |TAMS 0x0000000085c00000, 0x0000000085c00000| Untracked 
|  59|0x0000000085d00000, 0x0000000085d00000, 0x0000000085e00000|  0%| F|  |TAMS 0x0000000085d00000, 0x0000000085d00000| Untracked 
|  60|0x0000000085e00000, 0x0000000085e00000, 0x0000000085f00000|  0%| F|  |TAMS 0x0000000085e00000, 0x0000000085e00000| Untracked 
|  61|0x0000000085f00000, 0x0000000085f00000, 0x0000000086000000|  0%| F|  |TAMS 0x0000000085f00000, 0x0000000085f00000| Untracked 
|  62|0x0000000086000000, 0x0000000086000000, 0x0000000086100000|  0%| F|  |TAMS 0x0000000086000000, 0x0000000086000000| Untracked 
|  63|0x0000000086100000, 0x0000000086100000, 0x0000000086200000|  0%| F|  |TAMS 0x0000000086100000, 0x0000000086100000| Untracked 
|  64|0x0000000086200000, 0x0000000086200000, 0x0000000086300000|  0%| F|  |TAMS 0x0000000086200000, 0x0000000086200000| Untracked 
|  65|0x0000000086300000, 0x0000000086300000, 0x0000000086400000|  0%| F|  |TAMS 0x0000000086300000, 0x0000000086300000| Untracked 
|  66|0x0000000086400000, 0x0000000086400000, 0x0000000086500000|  0%| F|  |TAMS 0x0000000086400000, 0x0000000086400000| Untracked 
|  67|0x0000000086500000, 0x0000000086500000, 0x0000000086600000|  0%| F|  |TAMS 0x0000000086500000, 0x0000000086500000| Untracked 
|  68|0x0000000086600000, 0x0000000086600000, 0x0000000086700000|  0%| F|  |TAMS 0x0000000086600000, 0x0000000086600000| Untracked 
|  69|0x0000000086700000, 0x0000000086700000, 0x0000000086800000|  0%| F|  |TAMS 0x0000000086700000, 0x0000000086700000| Untracked 
|  70|0x0000000086800000, 0x0000000086800000, 0x0000000086900000|  0%| F|  |TAMS 0x0000000086800000, 0x0000000086800000| Untracked 
|  71|0x0000000086900000, 0x0000000086900000, 0x0000000086a00000|  0%| F|  |TAMS 0x0000000086900000, 0x0000000086900000| Untracked 
|  72|0x0000000086a00000, 0x0000000086a00000, 0x0000000086b00000|  0%| F|  |TAMS 0x0000000086a00000, 0x0000000086a00000| Untracked 
|  73|0x0000000086b00000, 0x0000000086b00000, 0x0000000086c00000|  0%| F|  |TAMS 0x0000000086b00000, 0x0000000086b00000| Untracked 
|  74|0x0000000086c00000, 0x0000000086c00000, 0x0000000086d00000|  0%| F|  |TAMS 0x0000000086c00000, 0x0000000086c00000| Untracked 
|  75|0x0000000086d00000, 0x0000000086d00000, 0x0000000086e00000|  0%| F|  |TAMS 0x0000000086d00000, 0x0000000086d00000| Untracked 
|  76|0x0000000086e00000, 0x0000000086e00000, 0x0000000086f00000|  0%| F|  |TAMS 0x0000000086e00000, 0x0000000086e00000| Untracked 
|  77|0x0000000086f00000, 0x0000000086f00000, 0x0000000087000000|  0%| F|  |TAMS 0x0000000086f00000, 0x0000000086f00000| Untracked 
|  78|0x0000000087000000, 0x0000000087000000, 0x0000000087100000|  0%| F|  |TAMS 0x0000000087000000, 0x0000000087000000| Untracked 
|  79|0x0000000087100000, 0x0000000087100000, 0x0000000087200000|  0%| F|  |TAMS 0x0000000087100000, 0x0000000087100000| Untracked 
|  80|0x0000000087200000, 0x0000000087200000, 0x0000000087300000|  0%| F|  |TAMS 0x0000000087200000, 0x0000000087200000| Untracked 
|  81|0x0000000087300000, 0x0000000087300000, 0x0000000087400000|  0%| F|  |TAMS 0x0000000087300000, 0x0000000087300000| Untracked 
|  82|0x0000000087400000, 0x0000000087400000, 0x0000000087500000|  0%| F|  |TAMS 0x0000000087400000, 0x0000000087400000| Untracked 
|  83|0x0000000087500000, 0x0000000087500000, 0x0000000087600000|  0%| F|  |TAMS 0x0000000087500000, 0x0000000087500000| Untracked 
|  84|0x0000000087600000, 0x0000000087600000, 0x0000000087700000|  0%| F|  |TAMS 0x0000000087600000, 0x0000000087600000| Untracked 
|  85|0x0000000087700000, 0x0000000087700000, 0x0000000087800000|  0%| F|  |TAMS 0x0000000087700000, 0x0000000087700000| Untracked 
|  86|0x0000000087800000, 0x0000000087800000, 0x0000000087900000|  0%| F|  |TAMS 0x0000000087800000, 0x0000000087800000| Untracked 
|  87|0x0000000087900000, 0x0000000087900000, 0x0000000087a00000|  0%| F|  |TAMS 0x0000000087900000, 0x0000000087900000| Untracked 
|  88|0x0000000087a00000, 0x0000000087a00000, 0x0000000087b00000|  0%| F|  |TAMS 0x0000000087a00000, 0x0000000087a00000| Untracked 
|  89|0x0000000087b00000, 0x0000000087b00000, 0x0000000087c00000|  0%| F|  |TAMS 0x0000000087b00000, 0x0000000087b00000| Untracked 
|  90|0x0000000087c00000, 0x0000000087c00000, 0x0000000087d00000|  0%| F|  |TAMS 0x0000000087c00000, 0x0000000087c00000| Untracked 
|  91|0x0000000087d00000, 0x0000000087d00000, 0x0000000087e00000|  0%| F|  |TAMS 0x0000000087d00000, 0x0000000087d00000| Untracked 
|  92|0x0000000087e00000, 0x0000000087e00000, 0x0000000087f00000|  0%| F|  |TAMS 0x0000000087e00000, 0x0000000087e00000| Untracked 
|  93|0x0000000087f00000, 0x0000000087f00000, 0x0000000088000000|  0%| F|  |TAMS 0x0000000087f00000, 0x0000000087f00000| Untracked 
|  94|0x0000000088000000, 0x0000000088000000, 0x0000000088100000|  0%| F|  |TAMS 0x0000000088000000, 0x0000000088000000| Untracked 
|  95|0x0000000088100000, 0x0000000088100000, 0x0000000088200000|  0%| F|  |TAMS 0x0000000088100000, 0x0000000088100000| Untracked 
|  96|0x0000000088200000, 0x0000000088200000, 0x0000000088300000|  0%| F|  |TAMS 0x0000000088200000, 0x0000000088200000| Untracked 
|  97|0x0000000088300000, 0x0000000088300000, 0x0000000088400000|  0%| F|  |TAMS 0x0000000088300000, 0x0000000088300000| Untracked 
|  98|0x0000000088400000, 0x0000000088400000, 0x0000000088500000|  0%| F|  |TAMS 0x0000000088400000, 0x0000000088400000| Untracked 
|  99|0x0000000088500000, 0x0000000088500000, 0x0000000088600000|  0%| F|  |TAMS 0x0000000088500000, 0x0000000088500000| Untracked 
| 100|0x0000000088600000, 0x0000000088600000, 0x0000000088700000|  0%| F|  |TAMS 0x0000000088600000, 0x0000000088600000| Untracked 
| 101|0x0000000088700000, 0x0000000088700000, 0x0000000088800000|  0%| F|  |TAMS 0x0000000088700000, 0x0000000088700000| Untracked 
| 102|0x0000000088800000, 0x0000000088800000, 0x0000000088900000|  0%| F|  |TAMS 0x0000000088800000, 0x0000000088800000| Untracked 
| 103|0x0000000088900000, 0x0000000088900000, 0x0000000088a00000|  0%| F|  |TAMS 0x0000000088900000, 0x0000000088900000| Untracked 
| 104|0x0000000088a00000, 0x0000000088a00000, 0x0000000088b00000|  0%| F|  |TAMS 0x0000000088a00000, 0x0000000088a00000| Untracked 
| 105|0x0000000088b00000, 0x0000000088b00000, 0x0000000088c00000|  0%| F|  |TAMS 0x0000000088b00000, 0x0000000088b00000| Untracked 
| 106|0x0000000088c00000, 0x0000000088c00000, 0x0000000088d00000|  0%| F|  |TAMS 0x0000000088c00000, 0x0000000088c00000| Untracked 
| 107|0x0000000088d00000, 0x0000000088d00000, 0x0000000088e00000|  0%| F|  |TAMS 0x0000000088d00000, 0x0000000088d00000| Untracked 
| 108|0x0000000088e00000, 0x0000000088e00000, 0x0000000088f00000|  0%| F|  |TAMS 0x0000000088e00000, 0x0000000088e00000| Untracked 
| 109|0x0000000088f00000, 0x0000000088f00000, 0x0000000089000000|  0%| F|  |TAMS 0x0000000088f00000, 0x0000000088f00000| Untracked 
| 110|0x0000000089000000, 0x0000000089000000, 0x0000000089100000|  0%| F|  |TAMS 0x0000000089000000, 0x0000000089000000| Untracked 
| 111|0x0000000089100000, 0x0000000089100000, 0x0000000089200000|  0%| F|  |TAMS 0x0000000089100000, 0x0000000089100000| Untracked 
| 112|0x0000000089200000, 0x0000000089200000, 0x0000000089300000|  0%| F|  |TAMS 0x0000000089200000, 0x0000000089200000| Untracked 
| 113|0x0000000089300000, 0x0000000089300000, 0x0000000089400000|  0%| F|  |TAMS 0x0000000089300000, 0x0000000089300000| Untracked 
| 114|0x0000000089400000, 0x0000000089400000, 0x0000000089500000|  0%| F|  |TAMS 0x0000000089400000, 0x0000000089400000| Untracked 
| 115|0x0000000089500000, 0x0000000089500000, 0x0000000089600000|  0%| F|  |TAMS 0x0000000089500000, 0x0000000089500000| Untracked 
| 116|0x0000000089600000, 0x0000000089600000, 0x0000000089700000|  0%| F|  |TAMS 0x0000000089600000, 0x0000000089600000| Untracked 
| 117|0x0000000089700000, 0x0000000089700000, 0x0000000089800000|  0%| F|  |TAMS 0x0000000089700000, 0x0000000089700000| Untracked 
| 118|0x0000000089800000, 0x0000000089880800, 0x0000000089900000| 50%| E|  |TAMS 0x0000000089800000, 0x0000000089800000| Complete 
| 119|0x0000000089900000, 0x0000000089a00000, 0x0000000089a00000|100%| E|CS|TAMS 0x0000000089900000, 0x0000000089900000| Complete 
| 120|0x0000000089a00000, 0x0000000089b00000, 0x0000000089b00000|100%| E|CS|TAMS 0x0000000089a00000, 0x0000000089a00000| Complete 
| 121|0x0000000089b00000, 0x0000000089c00000, 0x0000000089c00000|100%| E|CS|TAMS 0x0000000089b00000, 0x0000000089b00000| Complete 
| 122|0x0000000089c00000, 0x0000000089d00000, 0x0000000089d00000|100%| E|CS|TAMS 0x0000000089c00000, 0x0000000089c00000| Complete 
| 123|0x0000000089d00000, 0x0000000089e00000, 0x0000000089e00000|100%| E|CS|TAMS 0x0000000089d00000, 0x0000000089d00000| Complete 
| 124|0x0000000089e00000, 0x0000000089f00000, 0x0000000089f00000|100%| E|CS|TAMS 0x0000000089e00000, 0x0000000089e00000| Complete 
| 125|0x0000000089f00000, 0x000000008a000000, 0x000000008a000000|100%| E|CS|TAMS 0x0000000089f00000, 0x0000000089f00000| Complete 

Card table byte_map: [0x00000211cf8e0000,0x00000211cfcd0000] _byte_map_base: 0x00000211cf4cf000

Marking Bits (Prev, Next): (CMBitMap*) 0x00000211b47d38f8, (CMBitMap*) 0x00000211b47d3930
 Prev Bits: [0x00000211d00c0000, 0x00000211d2038000)
 Next Bits: [0x00000211d2040000, 0x00000211d3fb8000)

Polling page: 0x00000211b4860000

Metaspace:

Usage:
  Non-class:     49.22 MB capacity,    48.27 MB ( 98%) used,   770.29 KB (  2%) free+waste,   207.12 KB ( <1%) overhead. 
      Class:      7.70 MB capacity,     7.03 MB ( 91%) used,   581.71 KB (  7%) free+waste,    99.81 KB (  1%) overhead. 
       Both:     56.92 MB capacity,    55.30 MB ( 97%) used,     1.32 MB (  2%) free+waste,   306.94 KB ( <1%) overhead. 

Virtual space:
  Non-class space:       50.00 MB reserved,      49.25 MB ( 98%) committed 
      Class space:        1.00 GB reserved,       7.75 MB ( <1%) committed 
             Both:        1.05 GB reserved,      57.00 MB (  5%) committed 

Chunk freelists:
   Non-Class:  30.00 KB
       Class:  21.00 KB
        Both:  51.00 KB

MaxMetaspaceSize: 17179869184.00 GB
CompressedClassSpaceSize: 1.00 GB
Initial GC threshold: 20.80 MB
Current GC threshold: 58.54 MB
CDS: off

CodeHeap 'non-profiled nmethods': size=120000Kb used=2947Kb max_used=2947Kb free=117052Kb
 bounds [0x00000211c7540000, 0x00000211c7830000, 0x00000211cea70000]
CodeHeap 'profiled nmethods': size=120000Kb used=12268Kb max_used=12268Kb free=107731Kb
 bounds [0x00000211c0010000, 0x00000211c0c10000, 0x00000211c7540000]
CodeHeap 'non-nmethods': size=5760Kb used=1284Kb max_used=1324Kb free=4475Kb
 bounds [0x00000211bfa70000, 0x00000211bfce0000, 0x00000211c0010000]
 total_blobs=6107 nmethods=5537 adapters=480
 compilation: enabled
              stopped_count=0, restarted_count=0
 full_count=0

Compilation events (20 events):
Event: 7.727 Thread 0x00000211d6add000 nmethod 5541 0x00000211c7814f90 code [0x00000211c7815160, 0x00000211c7815b78]
Event: 7.727 Thread 0x00000211d6add000 5538       4       java.util.zip.ZipFile$Source::getEntryHash (7 bytes)
Event: 7.728 Thread 0x00000211d6add000 nmethod 5538 0x00000211c7816190 code [0x00000211c7816320, 0x00000211c78163b8]
Event: 7.728 Thread 0x00000211d6add000 5526       4       java.security.SecureClassLoader::getProtectionDomain (38 bytes)
Event: 7.730 Thread 0x00000211d7c33000 nmethod 5536 0x00000211c7816490 code [0x00000211c78166c0, 0x00000211c7817a08]
Event: 7.731 Thread 0x00000211d7c33000 5532       4       java.util.concurrent.ConcurrentHashMap::put (8 bytes)
Event: 7.731 Thread 0x00000211d7c33000 nmethod 5532 0x00000211c7818690 code [0x00000211c7818820, 0x00000211c78188a8]
Event: 7.733 Thread 0x00000211d6add000 nmethod 5526 0x00000211c7818990 code [0x00000211c7818b60, 0x00000211c7818de8]
Event: 7.733 Thread 0x00000211d7c33000 5545       4       jdk.internal.loader.ClassLoaders$AppClassLoader::loadClass (40 bytes)
Event: 7.743 Thread 0x00000211d6add000 5546       4       java.lang.ClassLoader::postDefineClass (39 bytes)
Event: 7.744 Thread 0x00000211d7461000 5548       3       java.lang.ClassLoader::getDefinedPackage (35 bytes)
Event: 7.745 Thread 0x00000211d7461000 nmethod 5548 0x00000211c0c08f10 code [0x00000211c0c09120, 0x00000211c0c096e8]
Event: 7.746 Thread 0x00000211d7461000 5549       2       jdk.internal.loader.BuiltinClassLoader::getAndVerifyPackage (109 bytes)
Event: 7.764 Thread 0x00000211d7461000 nmethod 5549 0x00000211c0c09890 code [0x00000211c0c09b60, 0x00000211c0c0a568]
Event: 7.767 Thread 0x00000211d9bd1000 nmethod 5534 0x00000211c7819010 code [0x00000211c7819280, 0x00000211c781b8e0]
Event: 7.767 Thread 0x00000211d9bd1000 5550   !   4       java.util.jar.JarFile$JarFileEntry::getCodeSigners (81 bytes)
Event: 7.773 Thread 0x00000211d9bd1000 nmethod 5550 0x00000211c781cc10 code [0x00000211c781ce20, 0x00000211c781d210]
Event: 7.773 Thread 0x00000211d9bd1000 5551   !   4       jdk.internal.loader.Resource::getBytes (242 bytes)
Event: 7.791 Thread 0x00000211d6add000 nmethod 5546 0x00000211c781d610 code [0x00000211c781d840, 0x00000211c781e830]
Event: 7.791 Thread 0x00000211d6add000 5547       4       java.lang.ClassLoader::getNamedPackage (73 bytes)

GC Heap History (16 events):
Event: 1.082 GC heap before
{Heap before GC invocations=0 (full 0):
 garbage-first heap   total 129024K, used 24576K [0x0000000082200000, 0x0000000100000000)
  region size 1024K, 24 young (24576K), 0 survivors (0K)
 Metaspace       used 12512K, capacity 12873K, committed 13184K, reserved 1060864K
  class space    used 1202K, capacity 1351K, committed 1408K, reserved 1048576K
}
Event: 1.089 GC heap after
{Heap after GC invocations=1 (full 0):
 garbage-first heap   total 129024K, used 7826K [0x0000000082200000, 0x0000000100000000)
  region size 1024K, 3 young (3072K), 3 survivors (3072K)
 Metaspace       used 12512K, capacity 12873K, committed 13184K, reserved 1060864K
  class space    used 1202K, capacity 1351K, committed 1408K, reserved 1048576K
}
Event: 1.542 GC heap before
{Heap before GC invocations=1 (full 0):
 garbage-first heap   total 129024K, used 27282K [0x0000000082200000, 0x0000000100000000)
  region size 1024K, 22 young (22528K), 3 survivors (3072K)
 Metaspace       used 15028K, capacity 15536K, committed 15616K, reserved 1062912K
  class space    used 1568K, capacity 1770K, committed 1792K, reserved 1048576K
}
Event: 1.547 GC heap after
{Heap after GC invocations=2 (full 0):
 garbage-first heap   total 129024K, used 8761K [0x0000000082200000, 0x0000000100000000)
  region size 1024K, 1 young (1024K), 1 survivors (1024K)
 Metaspace       used 15028K, capacity 15536K, committed 15616K, reserved 1062912K
  class space    used 1568K, capacity 1770K, committed 1792K, reserved 1048576K
}
Event: 2.313 GC heap before
{Heap before GC invocations=2 (full 0):
 garbage-first heap   total 129024K, used 53817K [0x0000000082200000, 0x0000000100000000)
  region size 1024K, 46 young (47104K), 1 survivors (1024K)
 Metaspace       used 20515K, capacity 21089K, committed 21248K, reserved 1067008K
  class space    used 2472K, capacity 2718K, committed 2816K, reserved 1048576K
}
Event: 2.316 GC heap after
{Heap after GC invocations=3 (full 0):
 garbage-first heap   total 129024K, used 9536K [0x0000000082200000, 0x0000000100000000)
  region size 1024K, 2 young (2048K), 2 survivors (2048K)
 Metaspace       used 20515K, capacity 21089K, committed 21248K, reserved 1067008K
  class space    used 2472K, capacity 2718K, committed 2816K, reserved 1048576K
}
Event: 2.978 GC heap before
{Heap before GC invocations=4 (full 0):
 garbage-first heap   total 129024K, used 67904K [0x0000000082200000, 0x0000000100000000)
  region size 1024K, 59 young (60416K), 2 survivors (2048K)
 Metaspace       used 29727K, capacity 30458K, committed 30592K, reserved 1075200K
  class space    used 3594K, capacity 3914K, committed 3968K, reserved 1048576K
}
Event: 2.983 GC heap after
{Heap after GC invocations=5 (full 0):
 garbage-first heap   total 129024K, used 11105K [0x0000000082200000, 0x0000000100000000)
  region size 1024K, 4 young (4096K), 4 survivors (4096K)
 Metaspace       used 29727K, capacity 30458K, committed 30592K, reserved 1075200K
  class space    used 3594K, capacity 3914K, committed 3968K, reserved 1048576K
}
Event: 4.437 GC heap before
{Heap before GC invocations=5 (full 0):
 garbage-first heap   total 129024K, used 61281K [0x0000000082200000, 0x0000000100000000)
  region size 1024K, 54 young (55296K), 4 survivors (4096K)
 Metaspace       used 34802K, capacity 35802K, committed 35840K, reserved 1081344K
  class space    used 4211K, capacity 4601K, committed 4608K, reserved 1048576K
}
Event: 4.442 GC heap after
{Heap after GC invocations=6 (full 0):
 garbage-first heap   total 129024K, used 12814K [0x0000000082200000, 0x0000000100000000)
  region size 1024K, 5 young (5120K), 5 survivors (5120K)
 Metaspace       used 34802K, capacity 35802K, committed 35840K, reserved 1081344K
  class space    used 4211K, capacity 4601K, committed 4608K, reserved 1048576K
}
Event: 5.458 GC heap before
{Heap before GC invocations=7 (full 0):
 garbage-first heap   total 129024K, used 82446K [0x0000000082200000, 0x0000000100000000)
  region size 1024K, 73 young (74752K), 5 survivors (5120K)
 Metaspace       used 42374K, capacity 43679K, committed 43776K, reserved 1087488K
  class space    used 5284K, capacity 5823K, committed 5888K, reserved 1048576K
}
Event: 5.472 GC heap after
{Heap after GC invocations=8 (full 0):
 garbage-first heap   total 129024K, used 16021K [0x0000000082200000, 0x0000000100000000)
  region size 1024K, 8 young (8192K), 8 survivors (8192K)
 Metaspace       used 42374K, capacity 43679K, committed 43776K, reserved 1087488K
  class space    used 5284K, capacity 5823K, committed 5888K, reserved 1048576K
}
Event: 6.410 GC heap before
{Heap before GC invocations=8 (full 0):
 garbage-first heap   total 129024K, used 84629K [0x0000000082200000, 0x0000000100000000)
  region size 1024K, 75 young (76800K), 8 survivors (8192K)
 Metaspace       used 47448K, capacity 49010K, committed 49152K, reserved 1091584K
  class space    used 5971K, capacity 6602K, committed 6656K, reserved 1048576K
}
Event: 6.422 GC heap after
{Heap after GC invocations=9 (full 0):
 garbage-first heap   total 129024K, used 18991K [0x0000000082200000, 0x0000000100000000)
  region size 1024K, 8 young (8192K), 8 survivors (8192K)
 Metaspace       used 47448K, capacity 49010K, committed 49152K, reserved 1091584K
  class space    used 5971K, capacity 6602K, committed 6656K, reserved 1048576K
}
Event: 7.746 GC heap before
{Heap before GC invocations=9 (full 0):
 garbage-first heap   total 129024K, used 87599K [0x0000000082200000, 0x0000000100000000)
  region size 1024K, 75 young (76800K), 8 survivors (8192K)
 Metaspace       used 55072K, capacity 56781K, committed 56960K, reserved 1097728K
  class space    used 7030K, capacity 7723K, committed 7808K, reserved 1048576K
}
Event: 7.763 GC heap after
{Heap after GC invocations=10 (full 0):
 garbage-first heap   total 129024K, used 22016K [0x0000000082200000, 0x0000000100000000)
  region size 1024K, 7 young (7168K), 7 survivors (7168K)
 Metaspace       used 55072K, capacity 56781K, committed 56960K, reserved 1097728K
  class space    used 7030K, capacity 7723K, committed 7808K, reserved 1048576K
}

Deoptimization events (20 events):
Event: 6.874 Thread 0x00000211b4791800 Uncommon trap: trap_request=0xffffff4d fr.pc=0x00000211c7770164 relative=0x0000000000001fc4
Event: 6.874 Thread 0x00000211b4791800 Uncommon trap: reason=unstable_if action=reinterpret pc=0x00000211c7770164 method=java.net.URL.<init>(Ljava/net/URL;Ljava/lang/String;Ljava/net/URLStreamHandler;)V @ 57 c2
Event: 6.874 Thread 0x00000211b4791800 DEOPT PACKING pc=0x00000211c7770164 sp=0x000000d3360fbfd0
Event: 6.874 Thread 0x00000211b4791800 DEOPT UNPACKING pc=0x00000211bfaba1af sp=0x000000d3360fbf90 mode 2
Event: 6.874 Thread 0x00000211b4791800 Uncommon trap: trap_request=0xffffff4d fr.pc=0x00000211c77c69bc relative=0x00000000000025dc
Event: 6.874 Thread 0x00000211b4791800 Uncommon trap: reason=unstable_if action=reinterpret pc=0x00000211c77c69bc method=java.net.URLStreamHandler.parseURL(Ljava/net/URL;Ljava/lang/String;II)V @ 57 c2
Event: 6.874 Thread 0x00000211b4791800 DEOPT PACKING pc=0x00000211c77c69bc sp=0x000000d3360fbe70
Event: 6.874 Thread 0x00000211b4791800 DEOPT UNPACKING pc=0x00000211bfaba1af sp=0x000000d3360fbe00 mode 2
Event: 7.643 Thread 0x00000211b4791800 DEOPT PACKING pc=0x00000211c004d096 sp=0x000000d3360f9fb0
Event: 7.643 Thread 0x00000211b4791800 DEOPT UNPACKING pc=0x00000211bfaba95e sp=0x000000d3360f94f0 mode 0
Event: 7.644 Thread 0x00000211b4791800 DEOPT PACKING pc=0x00000211c0792111 sp=0x000000d3360fa000
Event: 7.644 Thread 0x00000211b4791800 DEOPT UNPACKING pc=0x00000211bfaba95e sp=0x000000d3360f94e0 mode 0
Event: 7.664 Thread 0x00000211b4791800 DEOPT PACKING pc=0x00000211c77a0ed4 sp=0x000000d3360f8960
Event: 7.664 Thread 0x00000211b4791800 DEOPT UNPACKING pc=0x00000211bfaba95e sp=0x000000d3360f7e30 mode 0
Event: 7.664 Thread 0x00000211b4791800 DEOPT PACKING pc=0x00000211c777ce20 sp=0x000000d3360f8a90
Event: 7.664 Thread 0x00000211b4791800 DEOPT UNPACKING pc=0x00000211bfaba95e sp=0x000000d3360f7f30 mode 0
Event: 7.667 Thread 0x00000211b4791800 Uncommon trap: trap_request=0xffffff4d fr.pc=0x00000211c77efc34 relative=0x00000000000009d4
Event: 7.667 Thread 0x00000211b4791800 Uncommon trap: reason=unstable_if action=reinterpret pc=0x00000211c77efc34 method=java.util.zip.ZipFile$Source.getEntryPos([BZ)I @ 68 c2
Event: 7.667 Thread 0x00000211b4791800 DEOPT PACKING pc=0x00000211c77efc34 sp=0x000000d3360f8860
Event: 7.667 Thread 0x00000211b4791800 DEOPT UNPACKING pc=0x00000211bfaba1af sp=0x000000d3360f8800 mode 2

Classes redefined (0 events):
No events

Internal exceptions (20 events):
Event: 6.846 Thread 0x00000211b4791800 Exception <a 'java/lang/ClassNotFoundException'{0x00000000884a0a50}: java/lang/ObjectCustomizer> (0x00000000884a0a50) thrown at [s\src\hotspot\share\classfile\systemDictionary.cpp, line 230]
Event: 6.847 Thread 0x00000211b4791800 Exception <a 'java/lang/ClassNotFoundException'{0x00000000884bc298}: org/springframework/orm/jpa/AbstractEntityManagerFactoryBeanCustomizer> (0x00000000884bc298) thrown at [s\src\hotspot\share\classfile\systemDictionary.cpp, line 230]
Event: 6.850 Thread 0x00000211b4791800 Exception <a 'java/lang/ClassNotFoundException'{0x00000000884f7458}: org/springframework/orm/jpa/LocalContainerEntityManagerFactoryBeanCustomizer> (0x00000000884f7458) thrown at [s\src\hotspot\share\classfile\systemDictionary.cpp, line 230]
Event: 6.852 Thread 0x00000211b4791800 Exception <a 'java/lang/ClassNotFoundException'{0x000000008834d4a8}: org/springframework/context/ResourceLoaderAwareCustomizer> (0x000000008834d4a8) thrown at [s\src\hotspot\share\classfile\systemDictionary.cpp, line 230]
Event: 6.853 Thread 0x00000211b4791800 Exception <a 'java/lang/ClassNotFoundException'{0x0000000088362558}: org/springframework/beans/factory/AwareCustomizer> (0x0000000088362558) thrown at [s\src\hotspot\share\classfile\systemDictionary.cpp, line 230]
Event: 6.853 Thread 0x00000211b4791800 Exception <a 'java/lang/ClassNotFoundException'{0x0000000088379750}: org/springframework/context/weaving/LoadTimeWeaverAwareCustomizer> (0x0000000088379750) thrown at [s\src\hotspot\share\classfile\systemDictionary.cpp, line 230]
Event: 6.854 Thread 0x00000211b4791800 Exception <a 'java/lang/ClassNotFoundException'{0x000000008838ef50}: org/springframework/beans/factory/AwareCustomizer> (0x000000008838ef50) thrown at [s\src\hotspot\share\classfile\systemDictionary.cpp, line 230]
Event: 6.854 Thread 0x00000211b4791800 Exception <a 'java/lang/ClassNotFoundException'{0x00000000883a4a18}: org/springframework/beans/factory/FactoryBeanCustomizer> (0x00000000883a4a18) thrown at [s\src\hotspot\share\classfile\systemDictionary.cpp, line 230]
Event: 6.855 Thread 0x00000211b4791800 Exception <a 'java/lang/ClassNotFoundException'{0x00000000883bfbb8}: org/springframework/beans/factory/BeanClassLoaderAwareCustomizer> (0x00000000883bfbb8) thrown at [s\src\hotspot\share\classfile\systemDictionary.cpp, line 230]
Event: 6.855 Thread 0x00000211b4791800 Exception <a 'java/lang/ClassNotFoundException'{0x00000000883d4cc0}: org/springframework/beans/factory/AwareCustomizer> (0x00000000883d4cc0) thrown at [s\src\hotspot\share\classfile\systemDictionary.cpp, line 230]
Event: 6.856 Thread 0x00000211b4791800 Exception <a 'java/lang/ClassNotFoundException'{0x00000000883eb4a8}: org/springframework/beans/factory/BeanFactoryAwareCustomizer> (0x00000000883eb4a8) thrown at [s\src\hotspot\share\classfile\systemDictionary.cpp, line 230]
Event: 6.856 Thread 0x00000211b4791800 Exception <a 'java/lang/ClassNotFoundException'{0x0000000088200fe0}: org/springframework/beans/factory/AwareCustomizer> (0x0000000088200fe0) thrown at [s\src\hotspot\share\classfile\systemDictionary.cpp, line 230]
Event: 6.857 Thread 0x00000211b4791800 Exception <a 'java/lang/ClassNotFoundException'{0x0000000088216a48}: org/springframework/beans/factory/BeanNameAwareCustomizer> (0x0000000088216a48) thrown at [s\src\hotspot\share\classfile\systemDictionary.cpp, line 230]
Event: 6.857 Thread 0x00000211b4791800 Exception <a 'java/lang/ClassNotFoundException'{0x000000008822bf10}: org/springframework/beans/factory/AwareCustomizer> (0x000000008822bf10) thrown at [s\src\hotspot\share\classfile\systemDictionary.cpp, line 230]
Event: 6.857 Thread 0x00000211b4791800 Exception <a 'java/lang/ClassNotFoundException'{0x00000000882426f8}: org/springframework/beans/factory/InitializingBeanCustomizer> (0x00000000882426f8) thrown at [s\src\hotspot\share\classfile\systemDictionary.cpp, line 230]
Event: 6.858 Thread 0x00000211b4791800 Exception <a 'java/lang/ClassNotFoundException'{0x0000000088258fd0}: org/springframework/beans/factory/DisposableBeanCustomizer> (0x0000000088258fd0) thrown at [s\src\hotspot\share\classfile\systemDictionary.cpp, line 230]
Event: 6.858 Thread 0x00000211b4791800 Exception <a 'java/lang/ClassNotFoundException'{0x0000000088270c18}: org/springframework/orm/jpa/EntityManagerFactoryInfoCustomizer> (0x0000000088270c18) thrown at [s\src\hotspot\share\classfile\systemDictionary.cpp, line 230]
Event: 6.859 Thread 0x00000211b4791800 Exception <a 'java/lang/ClassNotFoundException'{0x0000000088293f80}: org/springframework/dao/support/PersistenceExceptionTranslatorCustomizer> (0x0000000088293f80) thrown at [s\src\hotspot\share\classfile\systemDictionary.cpp, line 230]
Event: 7.040 Thread 0x00000211b4791800 Exception <a 'java/lang/NoSuchMethodError'{0x00000000871d3e70}: 'java.lang.Object java.lang.invoke.DirectMethodHandle$Holder.invokeStaticInit(java.lang.Object, int, int, int, int)'> (0x00000000871d3e70) thrown at [s\src\hotspot\share\interpreter\linkResolver.cpp, line 773]
Event: 7.466 Thread 0x00000211b4791800 Exception <a 'java/lang/NoSuchMethodError'{0x00000000871fac80}: 'java.lang.Object java.lang.invoke.DirectMethodHandle$Holder.invokeStaticInit(java.lang.Object, java.lang.Object, int, int, int, int)'> (0x00000000871fac80) thrown at [s\src\hotspot\share\interpreter\linkResolver.cpp, line 773]

Events (20 events):
Event: 7.815 loading class org/h2/expression/Subquery
Event: 7.815 loading class org/h2/expression/Subquery done
Event: 7.815 loading class org/h2/expression/ExpressionColumn
Event: 7.815 loading class org/h2/expression/ExpressionColumn done
Event: 7.816 loading class org/h2/expression/UnaryOperation
Event: 7.816 loading class org/h2/expression/UnaryOperation done
Event: 7.816 loading class org/h2/expression/ExpressionList
Event: 7.816 loading class org/h2/expression/ExpressionList done
Event: 7.816 loading class org/h2/expression/TypedValueExpression
Event: 7.816 loading class org/h2/expression/TypedValueExpression done
Event: 7.816 loading class org/h2/expression/Rownum
Event: 7.816 loading class org/h2/expression/Rownum done
Event: 7.817 loading class org/h2/expression/TimeZoneOperation
Event: 7.817 loading class org/h2/expression/TimeZoneOperation done
Event: 7.817 loading class org/h2/expression/Format
Event: 7.817 loading class org/h2/expression/Format done
Event: 7.817 loading class org/h2/expression/condition/Comparison
Event: 7.817 loading class org/h2/expression/condition/Comparison done
Event: 7.818 loading class org/h2/command/ddl/SetComment
Event: 7.818 loading class org/h2/command/ddl/SetComment done


Dynamic libraries:
0x00007ff73e330000 - 0x00007ff73e33e000 	C:\Program Files\OpenLogic\jdk-11.0.22.7-hotspot\bin\java.exe
0x00007fffe9a10000 - 0x00007fffe9c27000 	C:\Windows\SYSTEM32\ntdll.dll
0x00007fffe9560000 - 0x00007fffe9624000 	C:\Windows\System32\KERNEL32.DLL
0x00007fffe7250000 - 0x00007fffe75fd000 	C:\Windows\System32\KERNELBASE.dll
0x00007fffe6e00000 - 0x00007fffe6f11000 	C:\Windows\System32\ucrtbase.dll
0x00007fffdca80000 - 0x00007fffdca97000 	C:\Program Files\OpenLogic\jdk-11.0.22.7-hotspot\bin\jli.dll
0x00007fffdc6a0000 - 0x00007fffdc6bb000 	C:\Program Files\OpenLogic\jdk-11.0.22.7-hotspot\bin\VCRUNTIME140.dll
0x00007fffe8780000 - 0x00007fffe892e000 	C:\Windows\System32\USER32.dll
0x00007fffe7600000 - 0x00007fffe7626000 	C:\Windows\System32\win32u.dll
0x00007fffd04f0000 - 0x00007fffd0783000 	C:\Windows\WinSxS\amd64_microsoft.windows.common-controls_6595b64144ccf1df_6.0.22621.3672_none_2713b9d173822955\COMCTL32.dll
0x00007fffe7e90000 - 0x00007fffe7eb9000 	C:\Windows\System32\GDI32.dll
0x00007fffe92d0000 - 0x00007fffe9377000 	C:\Windows\System32\msvcrt.dll
0x00007fffe7630000 - 0x00007fffe7749000 	C:\Windows\System32\gdi32full.dll
0x00007fffe7010000 - 0x00007fffe70aa000 	C:\Windows\System32\msvcp_win.dll
0x00007fffe8930000 - 0x00007fffe8961000 	C:\Windows\System32\IMM32.DLL
0x00007fffdca70000 - 0x00007fffdca7c000 	C:\Program Files\OpenLogic\jdk-11.0.22.7-hotspot\bin\vcruntime140_1.dll
0x00007fffbcc30000 - 0x00007fffbccbd000 	C:\Program Files\OpenLogic\jdk-11.0.22.7-hotspot\bin\msvcp140.dll
0x00007fff88150000 - 0x00007fff88c9d000 	C:\Program Files\OpenLogic\jdk-11.0.22.7-hotspot\bin\server\jvm.dll
0x00007fffe9630000 - 0x00007fffe96e2000 	C:\Windows\System32\ADVAPI32.dll
0x00007fffe77d0000 - 0x00007fffe7879000 	C:\Windows\System32\sechost.dll
0x00007fffe70b0000 - 0x00007fffe70d8000 	C:\Windows\System32\bcrypt.dll
0x00007fffe9430000 - 0x00007fffe9544000 	C:\Windows\System32\RPCRT4.dll
0x00007fffe96f0000 - 0x00007fffe96f8000 	C:\Windows\System32\PSAPI.DLL
0x00007fffe0400000 - 0x00007fffe0409000 	C:\Windows\SYSTEM32\WSOCK32.dll
0x00007fffdf130000 - 0x00007fffdf164000 	C:\Windows\SYSTEM32\WINMM.dll
0x00007fffe9710000 - 0x00007fffe9781000 	C:\Windows\System32\WS2_32.dll
0x00007fffdc7a0000 - 0x00007fffdc7aa000 	C:\Windows\SYSTEM32\VERSION.dll
0x00007fffe5d70000 - 0x00007fffe5d88000 	C:\Windows\SYSTEM32\kernel.appcore.dll
0x00007fffdc720000 - 0x00007fffdc730000 	C:\Program Files\OpenLogic\jdk-11.0.22.7-hotspot\bin\verify.dll
0x00007fffe1640000 - 0x00007fffe1872000 	C:\Windows\SYSTEM32\DBGHELP.DLL
0x00007fffe7880000 - 0x00007fffe7c08000 	C:\Windows\System32\combase.dll
0x00007fffe9790000 - 0x00007fffe9867000 	C:\Windows\System32\OLEAUT32.dll
0x00007fffdcae0000 - 0x00007fffdcb12000 	C:\Windows\SYSTEM32\dbgcore.DLL
0x00007fffe6f90000 - 0x00007fffe700b000 	C:\Windows\System32\bcryptPrimitives.dll
0x00007fffdc440000 - 0x00007fffdc468000 	C:\Program Files\OpenLogic\jdk-11.0.22.7-hotspot\bin\java.dll
0x00007fffdc430000 - 0x00007fffdc43a000 	C:\Program Files\OpenLogic\jdk-11.0.22.7-hotspot\bin\jimage.dll
0x00007fffdc2c0000 - 0x00007fffdc2d8000 	C:\Program Files\OpenLogic\jdk-11.0.22.7-hotspot\bin\zip.dll
0x00007fffe8970000 - 0x00007fffe91cf000 	C:\Windows\System32\SHELL32.dll
0x00007fffe4c90000 - 0x00007fffe558c000 	C:\Windows\SYSTEM32\windows.storage.dll
0x00007fffe4b50000 - 0x00007fffe4c8f000 	C:\Windows\SYSTEM32\wintypes.dll
0x00007fffe91d0000 - 0x00007fffe92c4000 	C:\Windows\System32\SHCORE.dll
0x00007fffe7ca0000 - 0x00007fffe7cfe000 	C:\Windows\System32\shlwapi.dll
0x00007fffe6c70000 - 0x00007fffe6c91000 	C:\Windows\SYSTEM32\profapi.dll
0x00007fffdb600000 - 0x00007fffdb619000 	C:\Program Files\OpenLogic\jdk-11.0.22.7-hotspot\bin\net.dll
0x00007fffdf8d0000 - 0x00007fffdfa06000 	C:\Windows\SYSTEM32\WINHTTP.dll
0x00007fffe61e0000 - 0x00007fffe6249000 	C:\Windows\system32\mswsock.dll
0x00007fffdb5e0000 - 0x00007fffdb5f2000 	C:\Program Files\OpenLogic\jdk-11.0.22.7-hotspot\bin\nio.dll
0x00007fffd1480000 - 0x00007fffd1489000 	C:\Program Files\OpenLogic\jdk-11.0.22.7-hotspot\bin\management.dll
0x00007fffd1470000 - 0x00007fffd147b000 	C:\Program Files\OpenLogic\jdk-11.0.22.7-hotspot\bin\management_ext.dll
0x00007fffc2470000 - 0x00007fffc2487000 	C:\Windows\system32\napinsp.dll
0x00007fffc2450000 - 0x00007fffc246b000 	C:\Windows\system32\pnrpnsp.dll
0x00007fffe5860000 - 0x00007fffe5958000 	C:\Windows\SYSTEM32\DNSAPI.dll
0x00007fffe57f0000 - 0x00007fffe581d000 	C:\Windows\SYSTEM32\IPHLPAPI.DLL
0x00007fffe7e60000 - 0x00007fffe7e69000 	C:\Windows\System32\NSI.dll
0x00007fffc2430000 - 0x00007fffc2441000 	C:\Windows\System32\winrnr.dll
0x00007fffc2410000 - 0x00007fffc2425000 	C:\Windows\system32\wshbth.dll
0x00007fffc23e0000 - 0x00007fffc2407000 	C:\Windows\system32\nlansp_c.dll
0x00007fffdaf40000 - 0x00007fffdaf4a000 	C:\Windows\System32\rasadhlp.dll
0x00007fffdd010000 - 0x00007fffdd093000 	C:\Windows\System32\fwpuclnt.dll
0x00007fffe6440000 - 0x00007fffe645b000 	C:\Windows\SYSTEM32\CRYPTSP.dll
0x00007fffe5cd0000 - 0x00007fffe5d05000 	C:\Windows\system32\rsaenh.dll
0x00007fffe62e0000 - 0x00007fffe6308000 	C:\Windows\SYSTEM32\USERENV.dll
0x00007fffe6460000 - 0x00007fffe646c000 	C:\Windows\SYSTEM32\CRYPTBASE.dll
0x00007fffdf810000 - 0x00007fffdf829000 	C:\Windows\SYSTEM32\dhcpcsvc6.DLL
0x00007fffdf7d0000 - 0x00007fffdf7ef000 	C:\Windows\SYSTEM32\dhcpcsvc.DLL

dbghelp: loaded successfully - version: 4.0.5 - missing functions: none
symbol engine: initialized successfully - sym options: 0x614 - pdb path: .;C:\Program Files\OpenLogic\jdk-11.0.22.7-hotspot\bin;C:\Windows\SYSTEM32;C:\Windows\WinSxS\amd64_microsoft.windows.common-controls_6595b64144ccf1df_6.0.22621.3672_none_2713b9d173822955;C:\Program Files\OpenLogic\jdk-11.0.22.7-hotspot\bin\server

VM Arguments:
java_command: C:\Users\4400~1\AppData\Local\Temp\surefire17599891079019515766\surefirebooter5189502054055200187.jar C:\Users\«·ÂœÌ\AppData\Local\Temp\surefire17599891079019515766 2024-08-08T18-17-14_105-jvmRun1 surefire10630562156216746326tmp surefire_011475495490268847896tmp
java_class_path (initial): C:\Users\4400~1\AppData\Local\Temp\surefire17599891079019515766\surefirebooter5189502054055200187.jar
Launcher Type: SUN_STANDARD

[Global flags]
     intx CICompilerCount                          = 4                                         {product} {ergonomic}
     uint ConcGCThreads                            = 2                                         {product} {ergonomic}
     uint G1ConcRefinementThreads                  = 8                                         {product} {ergonomic}
   size_t G1HeapRegionSize                         = 1048576                                   {product} {ergonomic}
    uintx GCDrainStackTargetSize                   = 64                                        {product} {ergonomic}
   size_t InitialHeapSize                          = 132120576                                 {product} {ergonomic}
   size_t MarkStackSize                            = 4194304                                   {product} {ergonomic}
   size_t MaxHeapSize                              = 2111832064                                {product} {ergonomic}
   size_t MaxNewSize                               = 1266679808                                {product} {ergonomic}
   size_t MinHeapDeltaBytes                        = 1048576                                   {product} {ergonomic}
    uintx NonNMethodCodeHeapSize                   = 5836300                                {pd product} {ergonomic}
    uintx NonProfiledCodeHeapSize                  = 122910970                              {pd product} {ergonomic}
    uintx ProfiledCodeHeapSize                     = 122910970                              {pd product} {ergonomic}
    uintx ReservedCodeCacheSize                    = 251658240                              {pd product} {ergonomic}
     bool SegmentedCodeCache                       = true                                      {product} {ergonomic}
     bool UseCompressedClassPointers               = true                                 {lp64_product} {ergonomic}
     bool UseCompressedOops                        = true                                 {lp64_product} {ergonomic}
     bool UseG1GC                                  = true                                      {product} {ergonomic}
     bool UseLargePagesIndividualAllocation        = false                                  {pd product} {ergonomic}

Logging:
Log output configuration:
 #0: stdout all=warning uptime,level,tags
 #1: stderr all=off uptime,level,tags

Environment Variables:
PATH=C:\Program Files\OpenLogic\jdk-11.0.22.7-hotspot\bin;C:\Windows\system32;C:\Windows;C:\Windows\System32\Wbem;C:\Windows\System32\WindowsPowerShell\v1.0\;C:\Windows\System32\OpenSSH\;C:\Users\«·ÂœÌ\AppData\Local\Microsoft\WindowsApps;
USERNAME=«·ÂœÌ
OS=Windows_NT
PROCESSOR_IDENTIFIER=Intel64 Family 6 Model 142 Stepping 10, GenuineIntel
TMP=C:\Users\4400~1\AppData\Local\Temp
TEMP=C:\Users\4400~1\AppData\Local\Temp



---------------  S Y S T E M  ---------------

OS: Windows 11 , 64 bit Build 22621 (10.0.22621.3672)
OS uptime: 0 days 6:49 hours

CPU:total 8 (initial active 8) (4 cores per cpu, 2 threads per core) family 6 model 142 stepping 10 microcode 0xf0, cmov, cx8, fxsr, mmx, sse, sse2, sse3, ssse3, sse4.1, sse4.2, popcnt, avx, avx2, aes, clmul, erms, 3dnowpref, lzcnt, ht, tsc, tscinvbit, bmi1, bmi2, adx, fma

Memory: 4k page, system-wide physical 8052M (705M free)
TotalPageFile size 11049M (AvailPageFile size 10M)
current process WorkingSet (physical memory assigned to process): 295M, peak: 295M
current process commit charge ("private bytes"): 362M, peak: 362M

vm_info: OpenJDK 64-Bit Server VM (11.0.22+7-adhoc..jdk11u) for windows-amd64 JRE (11.0.22+7-adhoc..jdk11u), built on Jan 24 2024 04:51:39 by "" with MS VC++ 16.10 / 16.11 (VS2019)

END.
