#
# There is insufficient memory for the Java Runtime Environment to continue.
# Native memory allocation (malloc) failed to allocate 32744 bytes for ChunkPool::allocate
# Possible reasons:
#   The system is out of physical RAM or swap space
#   The process is running with CompressedOops enabled, and the Java Heap may be blocking the growth of the native heap
# Possible solutions:
#   Reduce memory load on the system
#   Increase physical memory or swap space
#   Check if swap backing store is full
#   Decrease Java heap size (-Xmx/-Xms)
#   Decrease number of Java threads
#   Decrease Java thread stack sizes (-Xss)
#   Set larger code cache with -XX:ReservedCodeCacheSize=
#   JVM is running with Unscaled Compressed Oops mode in which the Java heap is
#     placed in the first 4GB address space. The Java Heap base address is the
#     maximum limit for the native heap growth. Please use -XX:HeapBaseMinAddress
#     to set the Java Heap base and to place the Java Heap above 4GB virtual address.
# This output file may be truncated or incomplete.
#
#  Out of Memory Error (arena.cpp:81), pid=11476, tid=18784
#
# JRE version: OpenJDK Runtime Environment OpenLogic-OpenJDK (11.0.22+7) (build 11.0.22+7-adhoc..jdk11u)
# Java VM: OpenJDK 64-Bit Server VM OpenLogic-OpenJDK (11.0.22+7-adhoc..jdk11u, mixed mode, tiered, compressed oops, g1 gc, windows-amd64)
# No core dump will be written. Minidumps are not enabled by default on client versions of Windows
#

---------------  S U M M A R Y ------------

Command Line: -Dmaven.multiModuleProjectDirectory=E:\aml\library -Dmaven.home=C:\Program Files\JetBrains\IntelliJ IDEA 2021.2.1\plugins\maven\lib\maven3 -Dclassworlds.conf=C:\Program Files\JetBrains\IntelliJ IDEA 2021.2.1\plugins\maven\lib\maven3\bin\m2.conf -Dmaven.ext.class.path=C:\Program Files\JetBrains\IntelliJ IDEA 2021.2.1\plugins\maven\lib\maven-event-listener.jar -javaagent:C:\Program Files\JetBrains\IntelliJ IDEA 2021.2.1\lib\idea_rt.jar=53499:C:\Program Files\JetBrains\IntelliJ IDEA 2021.2.1\bin -Dfile.encoding=UTF-8 org.codehaus.classworlds.Launcher -Didea.version=2021.2.1 clean install

Host: Intel(R) Core(TM) i5-8250U CPU @ 1.60GHz, 8 cores, 7G,  Windows 11 , 64 bit Build 22621 (10.0.22621.3672)
Time: Thu Aug  8 18:17:22 2024 Egypt Daylight Time elapsed time: 16.700047 seconds (0d 0h 0m 16s)

---------------  T H R E A D  ---------------

Current thread (0x00000288a99c9000):  JavaThread "ThreadedStreamConsumer" daemon [_thread_in_vm, id=18784, stack(0x00000090d8800000,0x00000090d8900000)]

Stack: [0x00000090d8800000,0x00000090d8900000]
Native frames: (J=compiled Java code, j=interpreted, Vv=VM code, C=native code)
V  [jvm.dll+0x64101a]
V  [jvm.dll+0x785ce9]
V  [jvm.dll+0x7873e9]
V  [jvm.dll+0x787ad3]
V  [jvm.dll+0x2675e5]
V  [jvm.dll+0xc0d5f]
V  [jvm.dll+0xc10ac]
V  [jvm.dll+0x77b855]
V  [jvm.dll+0x77c11f]
V  [jvm.dll+0x77b20b]
V  [jvm.dll+0x1211a2]
V  [jvm.dll+0x1224ec]
V  [jvm.dll+0x121cc8]
V  [jvm.dll+0x714237]
V  [jvm.dll+0x4230fc]
C  0x0000028894484669

Java frames: (J=compiled Java code, j=interpreted, Vv=VM code)
J 1395  java.lang.System.identityHashCode(Ljava/lang/Object;)I java.base@11.0.22 (0 bytes) @ 0x00000288944845cd [0x0000028894484540+0x000000000000008d]
J 3517 c2 java.util.IdentityHashMap.put(Ljava/lang/Object;Ljava/lang/Object;)Ljava/lang/Object; java.base@11.0.22 (137 bytes) @ 0x00000288945b18a4 [0x00000288945b1560+0x0000000000000344]
J 867 c1 java.util.Collections$SetFromMap.add(Ljava/lang/Object;)Z java.base@11.0.22 (22 bytes) @ 0x000002888d041aec [0x000002888d0419e0+0x000000000000010c]
j  java.lang.Throwable.printStackTrace(Ljava/lang/Throwable$PrintStreamOrWriter;)V+13 java.base@11.0.22
j  java.lang.Throwable.printStackTrace(Ljava/io/PrintWriter;)V+9 java.base@11.0.22
j  org.apache.maven.surefire.util.internal.DumpFileUtils.dumpException(Ljava/lang/Throwable;Ljava/lang/String;Ljava/io/File;)V+63
j  org.apache.maven.plugin.surefire.booterclient.output.InPluginProcessDumpSingleton.dumpStreamException(Ljava/lang/Throwable;Ljava/lang/String;Ljava/io/File;I)Ljava/io/File;+21
j  org.apache.maven.plugin.surefire.booterclient.output.ForkClient.logStreamWarning(Ljava/lang/Throwable;Ljava/lang/String;)V+144
J 8618 c1 org.apache.maven.plugin.surefire.booterclient.output.ForkClient.processLine(Ljava/lang/String;)V (715 bytes) @ 0x000002888e1a10dc [0x000002888e19b780+0x000000000000595c]
J 8617 c1 org.apache.maven.plugin.surefire.booterclient.output.ForkClient.consumeLine(Ljava/lang/String;)V (13 bytes) @ 0x000002888e19a784 [0x000002888e19a480+0x0000000000000304]
j  org.apache.maven.plugin.surefire.booterclient.output.ThreadedStreamConsumer$Pumper.run()V+46
j  java.lang.Thread.run()V+11 java.base@11.0.22
v  ~StubRoutines::call_stub

---------------  P R O C E S S  ---------------

Threads class SMR info:
_java_thread_list=0x00000288a8745da0, length=22, elements={
0x0000028882e12800, 0x00000288a31a8000, 0x00000288a31a9000, 0x00000288a3a28800,
0x00000288a3a29000, 0x00000288a3a2a800, 0x00000288a3a2d800, 0x00000288a3a44000,
0x00000288a3a67000, 0x00000288a3bd3000, 0x00000288a3d22000, 0x00000288ad370800,
0x00000288acb9b800, 0x00000288ad33b800, 0x00000288aaeba000, 0x00000288a97e7800,
0x00000288a97e8800, 0x00000288ab5af000, 0x00000288a99c9000, 0x00000288ad61f800,
0x00000288a97f8800, 0x00000288a563f000
}

Java Threads: ( => current thread )
  0x0000028882e12800 JavaThread "main" [_thread_in_native, id=8536, stack(0x00000090d6700000,0x00000090d6800000)]
  0x00000288a31a8000 JavaThread "Reference Handler" daemon [_thread_blocked, id=4596, stack(0x00000090d6e00000,0x00000090d6f00000)]
  0x00000288a31a9000 JavaThread "Finalizer" daemon [_thread_blocked, id=18752, stack(0x00000090d6f00000,0x00000090d7000000)]
  0x00000288a3a28800 JavaThread "Signal Dispatcher" daemon [_thread_blocked, id=4340, stack(0x00000090d7000000,0x00000090d7100000)]
  0x00000288a3a29000 JavaThread "Attach Listener" daemon [_thread_blocked, id=4288, stack(0x00000090d7100000,0x00000090d7200000)]
  0x00000288a3a2a800 JavaThread "Service Thread" daemon [_thread_blocked, id=18056, stack(0x00000090d7200000,0x00000090d7300000)]
  0x00000288a3a2d800 JavaThread "C2 CompilerThread0" daemon [_thread_in_native, id=2868, stack(0x00000090d7300000,0x00000090d7400000)]
  0x00000288a3a44000 JavaThread "C1 CompilerThread0" daemon [_thread_blocked, id=16888, stack(0x00000090d7400000,0x00000090d7500000)]
  0x00000288a3a67000 JavaThread "Sweeper thread" daemon [_thread_blocked, id=18316, stack(0x00000090d7500000,0x00000090d7600000)]
  0x00000288a3bd3000 JavaThread "Common-Cleaner" daemon [_thread_blocked, id=15956, stack(0x00000090d7600000,0x00000090d7700000)]
  0x00000288a3d22000 JavaThread "Monitor Ctrl-Break" daemon [_thread_in_native, id=14664, stack(0x00000090d7900000,0x00000090d7a00000)]
  0x00000288ad370800 JavaThread "resolver-1" daemon [_thread_blocked, id=10008, stack(0x00000090d8100000,0x00000090d8200000)]
  0x00000288acb9b800 JavaThread "resolver-2" daemon [_thread_blocked, id=17632, stack(0x00000090d8200000,0x00000090d8300000)]
  0x00000288ad33b800 JavaThread "resolver-3" daemon [_thread_blocked, id=17912, stack(0x00000090d8300000,0x00000090d8400000)]
  0x00000288aaeba000 JavaThread "resolver-4" daemon [_thread_blocked, id=3080, stack(0x00000090d8400000,0x00000090d8500000)]
  0x00000288a97e7800 JavaThread "resolver-5" daemon [_thread_blocked, id=6284, stack(0x00000090d8500000,0x00000090d8600000)]
  0x00000288a97e8800 JavaThread "timeout-check-timer" daemon [_thread_blocked, id=13236, stack(0x00000090d8600000,0x00000090d8700000)]
  0x00000288ab5af000 JavaThread "ping-timer-10s" daemon [_thread_blocked, id=14080, stack(0x00000090d8700000,0x00000090d8800000)]
=>0x00000288a99c9000 JavaThread "ThreadedStreamConsumer" daemon [_thread_in_vm, id=18784, stack(0x00000090d8800000,0x00000090d8900000)]
  0x00000288ad61f800 JavaThread "Thread-2" [_thread_blocked, id=9224, stack(0x00000090d8900000,0x00000090d8a00000)]
  0x00000288a97f8800 JavaThread "Thread-3" [_thread_in_native, id=15672, stack(0x00000090d8a00000,0x00000090d8b00000)]
  0x00000288a563f000 JavaThread "Thread-4" [_thread_in_native, id=8456, stack(0x00000090d8b00000,0x00000090d8c00000)]

Other Threads:
  0x00000288a31a5000 VMThread "VM Thread" [stack: 0x00000090d6d00000,0x00000090d6e00000] [id=7412]
  0x00000288a3d53800 WatcherThread [stack: 0x00000090d7a00000,0x00000090d7b00000] [id=17876]
  0x0000028882e2b000 GCTaskThread "GC Thread#0" [stack: 0x00000090d6800000,0x00000090d6900000] [id=12800]
  0x00000288a50de800 GCTaskThread "GC Thread#1" [stack: 0x00000090d7b00000,0x00000090d7c00000] [id=15472]
  0x00000288a4d86000 GCTaskThread "GC Thread#2" [stack: 0x00000090d7c00000,0x00000090d7d00000] [id=5204]
  0x00000288a6c4a000 GCTaskThread "GC Thread#3" [stack: 0x00000090d8000000,0x00000090d8100000] [id=7648]
  0x0000028882e5c000 ConcurrentGCThread "G1 Main Marker" [stack: 0x00000090d6900000,0x00000090d6a00000] [id=3404]
  0x0000028882e5e800 ConcurrentGCThread "G1 Conc#0" [stack: 0x00000090d6a00000,0x00000090d6b00000] [id=19664]
  0x00000288a52d4800 ConcurrentGCThread "G1 Conc#1" [stack: 0x00000090d7d00000,0x00000090d7e00000] [id=10112]
  0x00000288a3010800 ConcurrentGCThread "G1 Refine#0" [stack: 0x00000090d6b00000,0x00000090d6c00000] [id=14480]
  0x00000288a9a4a800 ConcurrentGCThread "G1 Refine#1" [stack: 0x00000090d7e00000,0x00000090d7f00000] [id=18112]
  0x00000288a694b800 ConcurrentGCThread "G1 Refine#2" [stack: 0x00000090d7f00000,0x00000090d8000000] [id=8068]
  0x00000288a3011800 ConcurrentGCThread "G1 Young RemSet Sampling" [stack: 0x00000090d6c00000,0x00000090d6d00000] [id=16416]

Threads with active compile tasks:
C2 CompilerThread0    16731 8622       4       java.lang.Throwable::<init> (39 bytes)

VM state:not at safepoint (normal execution)

VM Mutex/Monitor currently owned by a thread: None

Heap address: 0x0000000082200000, size: 2014 MB, Compressed Oops mode: 32-bit
Narrow klass base: 0x0000000000000000, Narrow klass shift: 3
Compressed class space size: 1073741824 Address: 0x0000000100000000

Heap:
 garbage-first heap   total 187392K, used 110483K [0x0000000082200000, 0x0000000100000000)
  region size 1024K, 47 young (48128K), 5 survivors (5120K)
 Metaspace       used 42159K, capacity 43290K, committed 43512K, reserved 1087488K
  class space    used 4246K, capacity 4581K, committed 4608K, reserved 1048576K
Heap Regions: E=young(eden), S=young(survivor), O=old, HS=humongous(starts), HC=humongous(continues), CS=collection set, F=free, A=archive, TAMS=top-at-mark-start (previous, next)
|   0|0x0000000082200000, 0x0000000082300000, 0x0000000082300000|100%| O|  |TAMS 0x0000000082300000, 0x0000000082200000| Untracked 
|   1|0x0000000082300000, 0x0000000082400000, 0x0000000082400000|100%| O|  |TAMS 0x0000000082400000, 0x0000000082300000| Untracked 
|   2|0x0000000082400000, 0x0000000082500000, 0x0000000082500000|100%| O|  |TAMS 0x0000000082500000, 0x0000000082400000| Untracked 
|   3|0x0000000082500000, 0x0000000082600000, 0x0000000082600000|100%| O|  |TAMS 0x0000000082600000, 0x0000000082500000| Untracked 
|   4|0x0000000082600000, 0x0000000082700000, 0x0000000082700000|100%| O|  |TAMS 0x0000000082700000, 0x0000000082600000| Untracked 
|   5|0x0000000082700000, 0x0000000082800000, 0x0000000082800000|100%| O|  |TAMS 0x0000000082800000, 0x0000000082700000| Untracked 
|   6|0x0000000082800000, 0x0000000082900000, 0x0000000082900000|100%| O|  |TAMS 0x0000000082900000, 0x0000000082800000| Untracked 
|   7|0x0000000082900000, 0x0000000082a00000, 0x0000000082a00000|100%|HS|  |TAMS 0x0000000082a00000, 0x0000000082900000| Complete 
|   8|0x0000000082a00000, 0x0000000082b00000, 0x0000000082b00000|100%| O|  |TAMS 0x0000000082b00000, 0x0000000082a00000| Untracked 
|   9|0x0000000082b00000, 0x0000000082c00000, 0x0000000082c00000|100%| O|  |TAMS 0x0000000082c00000, 0x0000000082b00000| Untracked 
|  10|0x0000000082c00000, 0x0000000082d00000, 0x0000000082d00000|100%| O|  |TAMS 0x0000000082d00000, 0x0000000082c00000| Untracked 
|  11|0x0000000082d00000, 0x0000000082e00000, 0x0000000082e00000|100%| O|  |TAMS 0x0000000082e00000, 0x0000000082d00000| Untracked 
|  12|0x0000000082e00000, 0x0000000082f00000, 0x0000000082f00000|100%| O|  |TAMS 0x0000000082f00000, 0x0000000082e00000| Untracked 
|  13|0x0000000082f00000, 0x0000000083000000, 0x0000000083000000|100%| O|  |TAMS 0x0000000083000000, 0x0000000082f00000| Untracked 
|  14|0x0000000083000000, 0x0000000083000000, 0x0000000083100000|  0%| F|  |TAMS 0x0000000083000000, 0x0000000083000000| Untracked 
|  15|0x0000000083100000, 0x0000000083200000, 0x0000000083200000|100%|HS|  |TAMS 0x0000000083100000, 0x0000000083100000| Complete 
|  16|0x0000000083200000, 0x0000000083300000, 0x0000000083300000|100%| O|  |TAMS 0x0000000083300000, 0x0000000083200000| Untracked 
|  17|0x0000000083300000, 0x0000000083400000, 0x0000000083400000|100%| O|  |TAMS 0x0000000083400000, 0x0000000083300000| Untracked 
|  18|0x0000000083400000, 0x0000000083500000, 0x0000000083500000|100%| O|  |TAMS 0x0000000083500000, 0x0000000083400000| Untracked 
|  19|0x0000000083500000, 0x0000000083600000, 0x0000000083600000|100%| O|  |TAMS 0x0000000083600000, 0x0000000083500000| Untracked 
|  20|0x0000000083600000, 0x0000000083700000, 0x0000000083700000|100%| O|  |TAMS 0x0000000083700000, 0x0000000083600000| Untracked 
|  21|0x0000000083700000, 0x0000000083800000, 0x0000000083800000|100%| O|  |TAMS 0x0000000083800000, 0x0000000083700000| Untracked 
|  22|0x0000000083800000, 0x0000000083900000, 0x0000000083900000|100%| O|  |TAMS 0x0000000083900000, 0x0000000083800000| Untracked 
|  23|0x0000000083900000, 0x0000000083a00000, 0x0000000083a00000|100%| O|  |TAMS 0x0000000083a00000, 0x0000000083900000| Untracked 
|  24|0x0000000083a00000, 0x0000000083b00000, 0x0000000083b00000|100%| O|  |TAMS 0x0000000083b00000, 0x0000000083a00000| Untracked 
|  25|0x0000000083b00000, 0x0000000083c00000, 0x0000000083c00000|100%| O|  |TAMS 0x0000000083c00000, 0x0000000083b00000| Untracked 
|  26|0x0000000083c00000, 0x0000000083d00000, 0x0000000083d00000|100%| O|  |TAMS 0x0000000083d00000, 0x0000000083c00000| Untracked 
|  27|0x0000000083d00000, 0x0000000083e00000, 0x0000000083e00000|100%| O|  |TAMS 0x0000000083e00000, 0x0000000083d00000| Untracked 
|  28|0x0000000083e00000, 0x0000000083f00000, 0x0000000083f00000|100%| O|  |TAMS 0x0000000083f00000, 0x0000000083e00000| Untracked 
|  29|0x0000000083f00000, 0x0000000084000000, 0x0000000084000000|100%| O|  |TAMS 0x0000000084000000, 0x0000000083f00000| Untracked 
|  30|0x0000000084000000, 0x0000000084100000, 0x0000000084100000|100%| O|  |TAMS 0x0000000084100000, 0x0000000084000000| Untracked 
|  31|0x0000000084100000, 0x0000000084200000, 0x0000000084200000|100%| O|  |TAMS 0x0000000084200000, 0x0000000084100000| Untracked 
|  32|0x0000000084200000, 0x0000000084300000, 0x0000000084300000|100%| O|  |TAMS 0x0000000084300000, 0x0000000084200000| Untracked 
|  33|0x0000000084300000, 0x0000000084400000, 0x0000000084400000|100%| O|  |TAMS 0x0000000084400000, 0x0000000084300000| Untracked 
|  34|0x0000000084400000, 0x0000000084500000, 0x0000000084500000|100%| O|  |TAMS 0x0000000084500000, 0x0000000084400000| Untracked 
|  35|0x0000000084500000, 0x0000000084600000, 0x0000000084600000|100%| O|  |TAMS 0x0000000084600000, 0x0000000084500000| Untracked 
|  36|0x0000000084600000, 0x0000000084700000, 0x0000000084700000|100%| O|  |TAMS 0x0000000084700000, 0x0000000084600000| Untracked 
|  37|0x0000000084700000, 0x0000000084800000, 0x0000000084800000|100%| O|  |TAMS 0x0000000084800000, 0x0000000084700000| Untracked 
|  38|0x0000000084800000, 0x0000000084900000, 0x0000000084900000|100%| O|  |TAMS 0x0000000084900000, 0x0000000084800000| Untracked 
|  39|0x0000000084900000, 0x0000000084a00000, 0x0000000084a00000|100%| O|  |TAMS 0x0000000084980000, 0x0000000084900000| Untracked 
|  40|0x0000000084a00000, 0x0000000084a00000, 0x0000000084b00000|  0%| F|  |TAMS 0x0000000084a00000, 0x0000000084a00000| Untracked 
|  41|0x0000000084b00000, 0x0000000084c00000, 0x0000000084c00000|100%| O|  |TAMS 0x0000000084b00000, 0x0000000084b00000| Untracked 
|  42|0x0000000084c00000, 0x0000000084d00000, 0x0000000084d00000|100%| O|  |TAMS 0x0000000084c00000, 0x0000000084c00000| Untracked 
|  43|0x0000000084d00000, 0x0000000084e00000, 0x0000000084e00000|100%| O|  |TAMS 0x0000000084d00000, 0x0000000084d00000| Untracked 
|  44|0x0000000084e00000, 0x0000000084f00000, 0x0000000084f00000|100%| O|  |TAMS 0x0000000084e00000, 0x0000000084e00000| Untracked 
|  45|0x0000000084f00000, 0x0000000085000000, 0x0000000085000000|100%| O|  |TAMS 0x0000000084f00000, 0x0000000084f00000| Untracked 
|  46|0x0000000085000000, 0x0000000085100000, 0x0000000085100000|100%| O|  |TAMS 0x0000000085000000, 0x0000000085000000| Untracked 
|  47|0x0000000085100000, 0x0000000085200000, 0x0000000085200000|100%| O|  |TAMS 0x0000000085100000, 0x0000000085100000| Untracked 
|  48|0x0000000085200000, 0x0000000085300000, 0x0000000085300000|100%| O|  |TAMS 0x0000000085200000, 0x0000000085200000| Untracked 
|  49|0x0000000085300000, 0x0000000085400000, 0x0000000085400000|100%| O|  |TAMS 0x0000000085300000, 0x0000000085300000| Untracked 
|  50|0x0000000085400000, 0x0000000085500000, 0x0000000085500000|100%| O|  |TAMS 0x0000000085400000, 0x0000000085400000| Untracked 
|  51|0x0000000085500000, 0x0000000085600000, 0x0000000085600000|100%| O|  |TAMS 0x0000000085500000, 0x0000000085500000| Untracked 
|  52|0x0000000085600000, 0x0000000085700000, 0x0000000085700000|100%| O|  |TAMS 0x0000000085600000, 0x0000000085600000| Untracked 
|  53|0x0000000085700000, 0x0000000085800000, 0x0000000085800000|100%| O|  |TAMS 0x0000000085700000, 0x0000000085700000| Untracked 
|  54|0x0000000085800000, 0x0000000085900000, 0x0000000085900000|100%| O|  |TAMS 0x0000000085800000, 0x0000000085800000| Untracked 
|  55|0x0000000085900000, 0x0000000085a00000, 0x0000000085a00000|100%| O|  |TAMS 0x0000000085900000, 0x0000000085900000| Untracked 
|  56|0x0000000085a00000, 0x0000000085b00000, 0x0000000085b00000|100%| O|  |TAMS 0x0000000085a00000, 0x0000000085a00000| Untracked 
|  57|0x0000000085b00000, 0x0000000085c00000, 0x0000000085c00000|100%| O|  |TAMS 0x0000000085b00000, 0x0000000085b00000| Untracked 
|  58|0x0000000085c00000, 0x0000000085d00000, 0x0000000085d00000|100%| O|  |TAMS 0x0000000085c00000, 0x0000000085c00000| Untracked 
|  59|0x0000000085d00000, 0x0000000085e00000, 0x0000000085e00000|100%| O|  |TAMS 0x0000000085d00000, 0x0000000085d00000| Untracked 
|  60|0x0000000085e00000, 0x0000000085f00000, 0x0000000085f00000|100%| O|  |TAMS 0x0000000085e00000, 0x0000000085e00000| Untracked 
|  61|0x0000000085f00000, 0x0000000086000000, 0x0000000086000000|100%| O|  |TAMS 0x0000000085f00000, 0x0000000085f00000| Untracked 
|  62|0x0000000086000000, 0x00000000860b2800, 0x0000000086100000| 69%| O|  |TAMS 0x0000000086000000, 0x0000000086000000| Untracked 
|  63|0x0000000086100000, 0x0000000086200000, 0x0000000086200000|100%|HS|  |TAMS 0x0000000086100000, 0x0000000086100000| Complete 
|  64|0x0000000086200000, 0x0000000086300000, 0x0000000086300000|100%|HC|  |TAMS 0x0000000086200000, 0x0000000086200000| Complete 
|  65|0x0000000086300000, 0x0000000086300000, 0x0000000086400000|  0%| F|  |TAMS 0x0000000086300000, 0x0000000086300000| Untracked 
|  66|0x0000000086400000, 0x0000000086400000, 0x0000000086500000|  0%| F|  |TAMS 0x0000000086400000, 0x0000000086400000| Untracked 
|  67|0x0000000086500000, 0x0000000086500000, 0x0000000086600000|  0%| F|  |TAMS 0x0000000086500000, 0x0000000086500000| Untracked 
|  68|0x0000000086600000, 0x0000000086600000, 0x0000000086700000|  0%| F|  |TAMS 0x0000000086600000, 0x0000000086600000| Untracked 
|  69|0x0000000086700000, 0x0000000086700000, 0x0000000086800000|  0%| F|  |TAMS 0x0000000086700000, 0x0000000086700000| Untracked 
|  70|0x0000000086800000, 0x0000000086800000, 0x0000000086900000|  0%| F|  |TAMS 0x0000000086800000, 0x0000000086800000| Untracked 
|  71|0x0000000086900000, 0x0000000086900000, 0x0000000086a00000|  0%| F|  |TAMS 0x0000000086900000, 0x0000000086900000| Untracked 
|  72|0x0000000086a00000, 0x0000000086a00000, 0x0000000086b00000|  0%| F|  |TAMS 0x0000000086a00000, 0x0000000086a00000| Untracked 
|  73|0x0000000086b00000, 0x0000000086b00000, 0x0000000086c00000|  0%| F|  |TAMS 0x0000000086b00000, 0x0000000086b00000| Untracked 
|  74|0x0000000086c00000, 0x0000000086c00000, 0x0000000086d00000|  0%| F|  |TAMS 0x0000000086c00000, 0x0000000086c00000| Untracked 
|  75|0x0000000086d00000, 0x0000000086d00000, 0x0000000086e00000|  0%| F|  |TAMS 0x0000000086d00000, 0x0000000086d00000| Untracked 
|  76|0x0000000086e00000, 0x0000000086e00000, 0x0000000086f00000|  0%| F|  |TAMS 0x0000000086e00000, 0x0000000086e00000| Untracked 
|  77|0x0000000086f00000, 0x0000000086f00000, 0x0000000087000000|  0%| F|  |TAMS 0x0000000086f00000, 0x0000000086f00000| Untracked 
|  78|0x0000000087000000, 0x0000000087000000, 0x0000000087100000|  0%| F|  |TAMS 0x0000000087000000, 0x0000000087000000| Untracked 
|  79|0x0000000087100000, 0x0000000087100000, 0x0000000087200000|  0%| F|  |TAMS 0x0000000087100000, 0x0000000087100000| Untracked 
|  80|0x0000000087200000, 0x0000000087200000, 0x0000000087300000|  0%| F|  |TAMS 0x0000000087200000, 0x0000000087200000| Untracked 
|  81|0x0000000087300000, 0x0000000087300000, 0x0000000087400000|  0%| F|  |TAMS 0x0000000087300000, 0x0000000087300000| Untracked 
|  82|0x0000000087400000, 0x0000000087400000, 0x0000000087500000|  0%| F|  |TAMS 0x0000000087400000, 0x0000000087400000| Untracked 
|  83|0x0000000087500000, 0x0000000087500000, 0x0000000087600000|  0%| F|  |TAMS 0x0000000087500000, 0x0000000087500000| Untracked 
|  84|0x0000000087600000, 0x0000000087600000, 0x0000000087700000|  0%| F|  |TAMS 0x0000000087600000, 0x0000000087600000| Untracked 
|  85|0x0000000087700000, 0x0000000087700000, 0x0000000087800000|  0%| F|  |TAMS 0x0000000087700000, 0x0000000087700000| Untracked 
|  86|0x0000000087800000, 0x0000000087800000, 0x0000000087900000|  0%| F|  |TAMS 0x0000000087800000, 0x0000000087800000| Untracked 
|  87|0x0000000087900000, 0x0000000087900000, 0x0000000087a00000|  0%| F|  |TAMS 0x0000000087900000, 0x0000000087900000| Untracked 
|  88|0x0000000087a00000, 0x0000000087a00000, 0x0000000087b00000|  0%| F|  |TAMS 0x0000000087a00000, 0x0000000087a00000| Untracked 
|  89|0x0000000087b00000, 0x0000000087b00000, 0x0000000087c00000|  0%| F|  |TAMS 0x0000000087b00000, 0x0000000087b00000| Untracked 
|  90|0x0000000087c00000, 0x0000000087c00000, 0x0000000087d00000|  0%| F|  |TAMS 0x0000000087c00000, 0x0000000087c00000| Untracked 
|  91|0x0000000087d00000, 0x0000000087d00000, 0x0000000087e00000|  0%| F|  |TAMS 0x0000000087d00000, 0x0000000087d00000| Untracked 
|  92|0x0000000087e00000, 0x0000000087e00000, 0x0000000087f00000|  0%| F|  |TAMS 0x0000000087e00000, 0x0000000087e00000| Untracked 
|  93|0x0000000087f00000, 0x0000000087f00000, 0x0000000088000000|  0%| F|  |TAMS 0x0000000087f00000, 0x0000000087f00000| Untracked 
|  94|0x0000000088000000, 0x0000000088000000, 0x0000000088100000|  0%| F|  |TAMS 0x0000000088000000, 0x0000000088000000| Untracked 
|  95|0x0000000088100000, 0x0000000088100000, 0x0000000088200000|  0%| F|  |TAMS 0x0000000088100000, 0x0000000088100000| Untracked 
|  96|0x0000000088200000, 0x0000000088200000, 0x0000000088300000|  0%| F|  |TAMS 0x0000000088200000, 0x0000000088200000| Untracked 
|  97|0x0000000088300000, 0x0000000088300000, 0x0000000088400000|  0%| F|  |TAMS 0x0000000088300000, 0x0000000088300000| Untracked 
|  98|0x0000000088400000, 0x0000000088400000, 0x0000000088500000|  0%| F|  |TAMS 0x0000000088400000, 0x0000000088400000| Untracked 
|  99|0x0000000088500000, 0x0000000088500000, 0x0000000088600000|  0%| F|  |TAMS 0x0000000088500000, 0x0000000088500000| Untracked 
| 100|0x0000000088600000, 0x0000000088600000, 0x0000000088700000|  0%| F|  |TAMS 0x0000000088600000, 0x0000000088600000| Untracked 
| 101|0x0000000088700000, 0x0000000088700000, 0x0000000088800000|  0%| F|  |TAMS 0x0000000088700000, 0x0000000088700000| Untracked 
| 102|0x0000000088800000, 0x0000000088800000, 0x0000000088900000|  0%| F|  |TAMS 0x0000000088800000, 0x0000000088800000| Untracked 
| 103|0x0000000088900000, 0x0000000088900000, 0x0000000088a00000|  0%| F|  |TAMS 0x0000000088900000, 0x0000000088900000| Untracked 
| 104|0x0000000088a00000, 0x0000000088a00000, 0x0000000088b00000|  0%| F|  |TAMS 0x0000000088a00000, 0x0000000088a00000| Untracked 
| 105|0x0000000088b00000, 0x0000000088b00000, 0x0000000088c00000|  0%| F|  |TAMS 0x0000000088b00000, 0x0000000088b00000| Untracked 
| 106|0x0000000088c00000, 0x0000000088c00000, 0x0000000088d00000|  0%| F|  |TAMS 0x0000000088c00000, 0x0000000088c00000| Untracked 
| 107|0x0000000088d00000, 0x0000000088d00000, 0x0000000088e00000|  0%| F|  |TAMS 0x0000000088d00000, 0x0000000088d00000| Untracked 
| 108|0x0000000088e00000, 0x0000000088e00000, 0x0000000088f00000|  0%| F|  |TAMS 0x0000000088e00000, 0x0000000088e00000| Untracked 
| 109|0x0000000088f00000, 0x0000000088f00000, 0x0000000089000000|  0%| F|  |TAMS 0x0000000088f00000, 0x0000000088f00000| Untracked 
| 110|0x0000000089000000, 0x0000000089000000, 0x0000000089100000|  0%| F|  |TAMS 0x0000000089000000, 0x0000000089000000| Untracked 
| 111|0x0000000089100000, 0x0000000089100000, 0x0000000089200000|  0%| F|  |TAMS 0x0000000089100000, 0x0000000089100000| Untracked 
| 112|0x0000000089200000, 0x0000000089200000, 0x0000000089300000|  0%| F|  |TAMS 0x0000000089200000, 0x0000000089200000| Untracked 
| 113|0x0000000089300000, 0x0000000089300000, 0x0000000089400000|  0%| F|  |TAMS 0x0000000089300000, 0x0000000089300000| Untracked 
| 114|0x0000000089400000, 0x0000000089400000, 0x0000000089500000|  0%| F|  |TAMS 0x0000000089400000, 0x0000000089400000| Untracked 
| 115|0x0000000089500000, 0x0000000089500000, 0x0000000089600000|  0%| F|  |TAMS 0x0000000089500000, 0x0000000089500000| Untracked 
| 116|0x0000000089600000, 0x00000000896327e0, 0x0000000089700000| 19%| S|CS|TAMS 0x0000000089600000, 0x0000000089600000| Complete 
| 117|0x0000000089700000, 0x0000000089800000, 0x0000000089800000|100%| S|CS|TAMS 0x0000000089700000, 0x0000000089700000| Complete 
| 118|0x0000000089800000, 0x0000000089900000, 0x0000000089900000|100%| S|CS|TAMS 0x0000000089800000, 0x0000000089800000| Complete 
| 119|0x0000000089900000, 0x0000000089a00000, 0x0000000089a00000|100%| S|CS|TAMS 0x0000000089900000, 0x0000000089900000| Complete 
| 120|0x0000000089a00000, 0x0000000089b00000, 0x0000000089b00000|100%| S|CS|TAMS 0x0000000089a00000, 0x0000000089a00000| Complete 
| 121|0x0000000089b00000, 0x0000000089b00000, 0x0000000089c00000|  0%| F|  |TAMS 0x0000000089b00000, 0x0000000089b00000| Untracked 
| 122|0x0000000089c00000, 0x0000000089c00000, 0x0000000089d00000|  0%| F|  |TAMS 0x0000000089c00000, 0x0000000089c00000| Untracked 
| 123|0x0000000089d00000, 0x0000000089d00000, 0x0000000089e00000|  0%| F|  |TAMS 0x0000000089d00000, 0x0000000089d00000| Untracked 
| 124|0x0000000089e00000, 0x0000000089e00000, 0x0000000089f00000|  0%| F|  |TAMS 0x0000000089e00000, 0x0000000089e00000| Untracked 
| 125|0x0000000089f00000, 0x0000000089f00000, 0x000000008a000000|  0%| F|  |TAMS 0x0000000089f00000, 0x0000000089f00000| Untracked 
| 126|0x000000008a000000, 0x000000008a000000, 0x000000008a100000|  0%| F|  |TAMS 0x000000008a000000, 0x000000008a000000| Untracked 
| 127|0x000000008a100000, 0x000000008a100000, 0x000000008a200000|  0%| F|  |TAMS 0x000000008a100000, 0x000000008a100000| Untracked 
| 128|0x000000008a200000, 0x000000008a200000, 0x000000008a300000|  0%| F|  |TAMS 0x000000008a200000, 0x000000008a200000| Untracked 
| 129|0x000000008a300000, 0x000000008a300000, 0x000000008a400000|  0%| F|  |TAMS 0x000000008a300000, 0x000000008a300000| Untracked 
| 130|0x000000008a400000, 0x000000008a400000, 0x000000008a500000|  0%| F|  |TAMS 0x000000008a400000, 0x000000008a400000| Untracked 
| 131|0x000000008a500000, 0x000000008a500000, 0x000000008a600000|  0%| F|  |TAMS 0x000000008a500000, 0x000000008a500000| Untracked 
| 132|0x000000008a600000, 0x000000008a600000, 0x000000008a700000|  0%| F|  |TAMS 0x000000008a600000, 0x000000008a600000| Untracked 
| 133|0x000000008a700000, 0x000000008a700000, 0x000000008a800000|  0%| F|  |TAMS 0x000000008a700000, 0x000000008a700000| Untracked 
| 134|0x000000008a800000, 0x000000008a800000, 0x000000008a900000|  0%| F|  |TAMS 0x000000008a800000, 0x000000008a800000| Untracked 
| 135|0x000000008a900000, 0x000000008a900000, 0x000000008aa00000|  0%| F|  |TAMS 0x000000008a900000, 0x000000008a900000| Untracked 
| 136|0x000000008aa00000, 0x000000008aa00000, 0x000000008ab00000|  0%| F|  |TAMS 0x000000008aa00000, 0x000000008aa00000| Untracked 
| 137|0x000000008ab00000, 0x000000008ab00000, 0x000000008ac00000|  0%| F|  |TAMS 0x000000008ab00000, 0x000000008ab00000| Untracked 
| 138|0x000000008ac00000, 0x000000008ac00000, 0x000000008ad00000|  0%| F|  |TAMS 0x000000008ac00000, 0x000000008ac00000| Untracked 
| 139|0x000000008ad00000, 0x000000008ad00000, 0x000000008ae00000|  0%| F|  |TAMS 0x000000008ad00000, 0x000000008ad00000| Untracked 
| 140|0x000000008ae00000, 0x000000008ae00000, 0x000000008af00000|  0%| F|  |TAMS 0x000000008ae00000, 0x000000008ae00000| Untracked 
| 141|0x000000008af00000, 0x000000008af6a528, 0x000000008b000000| 41%| E|  |TAMS 0x000000008af00000, 0x000000008af00000| Complete 
| 142|0x000000008b000000, 0x000000008b100000, 0x000000008b100000|100%| E|CS|TAMS 0x000000008b000000, 0x000000008b000000| Complete 
| 143|0x000000008b100000, 0x000000008b200000, 0x000000008b200000|100%| E|CS|TAMS 0x000000008b100000, 0x000000008b100000| Complete 
| 144|0x000000008b200000, 0x000000008b300000, 0x000000008b300000|100%| E|CS|TAMS 0x000000008b200000, 0x000000008b200000| Complete 
| 145|0x000000008b300000, 0x000000008b400000, 0x000000008b400000|100%| E|CS|TAMS 0x000000008b300000, 0x000000008b300000| Complete 
| 146|0x000000008b400000, 0x000000008b500000, 0x000000008b500000|100%| E|CS|TAMS 0x000000008b400000, 0x000000008b400000| Complete 
| 147|0x000000008b500000, 0x000000008b600000, 0x000000008b600000|100%| E|CS|TAMS 0x000000008b500000, 0x000000008b500000| Complete 
| 148|0x000000008b600000, 0x000000008b700000, 0x000000008b700000|100%| E|CS|TAMS 0x000000008b600000, 0x000000008b600000| Complete 
| 149|0x000000008b700000, 0x000000008b800000, 0x000000008b800000|100%| E|CS|TAMS 0x000000008b700000, 0x000000008b700000| Complete 
| 150|0x000000008b800000, 0x000000008b900000, 0x000000008b900000|100%| E|CS|TAMS 0x000000008b800000, 0x000000008b800000| Complete 
| 151|0x000000008b900000, 0x000000008ba00000, 0x000000008ba00000|100%| E|CS|TAMS 0x000000008b900000, 0x000000008b900000| Complete 
| 152|0x000000008ba00000, 0x000000008bb00000, 0x000000008bb00000|100%| E|CS|TAMS 0x000000008ba00000, 0x000000008ba00000| Complete 
| 153|0x000000008bb00000, 0x000000008bc00000, 0x000000008bc00000|100%| E|CS|TAMS 0x000000008bb00000, 0x000000008bb00000| Complete 
| 154|0x000000008bc00000, 0x000000008bd00000, 0x000000008bd00000|100%| E|CS|TAMS 0x000000008bc00000, 0x000000008bc00000| Complete 
| 155|0x000000008bd00000, 0x000000008be00000, 0x000000008be00000|100%| E|CS|TAMS 0x000000008bd00000, 0x000000008bd00000| Complete 
| 156|0x000000008be00000, 0x000000008bf00000, 0x000000008bf00000|100%| E|CS|TAMS 0x000000008be00000, 0x000000008be00000| Complete 
| 157|0x000000008bf00000, 0x000000008c000000, 0x000000008c000000|100%| E|CS|TAMS 0x000000008bf00000, 0x000000008bf00000| Complete 
| 158|0x000000008c000000, 0x000000008c100000, 0x000000008c100000|100%| E|CS|TAMS 0x000000008c000000, 0x000000008c000000| Complete 
| 159|0x000000008c100000, 0x000000008c200000, 0x000000008c200000|100%| E|CS|TAMS 0x000000008c100000, 0x000000008c100000| Complete 
| 160|0x000000008c200000, 0x000000008c300000, 0x000000008c300000|100%| E|CS|TAMS 0x000000008c200000, 0x000000008c200000| Complete 
| 161|0x000000008c300000, 0x000000008c400000, 0x000000008c400000|100%| E|CS|TAMS 0x000000008c300000, 0x000000008c300000| Complete 
| 162|0x000000008c400000, 0x000000008c500000, 0x000000008c500000|100%| E|CS|TAMS 0x000000008c400000, 0x000000008c400000| Complete 
| 163|0x000000008c500000, 0x000000008c600000, 0x000000008c600000|100%| E|CS|TAMS 0x000000008c500000, 0x000000008c500000| Complete 
| 164|0x000000008c600000, 0x000000008c700000, 0x000000008c700000|100%| E|CS|TAMS 0x000000008c600000, 0x000000008c600000| Complete 
| 165|0x000000008c700000, 0x000000008c800000, 0x000000008c800000|100%| E|CS|TAMS 0x000000008c700000, 0x000000008c700000| Complete 
| 166|0x000000008c800000, 0x000000008c900000, 0x000000008c900000|100%| E|CS|TAMS 0x000000008c800000, 0x000000008c800000| Complete 
| 167|0x000000008c900000, 0x000000008ca00000, 0x000000008ca00000|100%| E|CS|TAMS 0x000000008c900000, 0x000000008c900000| Complete 
| 168|0x000000008ca00000, 0x000000008cb00000, 0x000000008cb00000|100%| E|CS|TAMS 0x000000008ca00000, 0x000000008ca00000| Complete 
| 169|0x000000008cb00000, 0x000000008cc00000, 0x000000008cc00000|100%| E|CS|TAMS 0x000000008cb00000, 0x000000008cb00000| Complete 
| 170|0x000000008cc00000, 0x000000008cd00000, 0x000000008cd00000|100%| E|CS|TAMS 0x000000008cc00000, 0x000000008cc00000| Complete 
| 171|0x000000008cd00000, 0x000000008ce00000, 0x000000008ce00000|100%| E|CS|TAMS 0x000000008cd00000, 0x000000008cd00000| Complete 
| 172|0x000000008ce00000, 0x000000008cf00000, 0x000000008cf00000|100%| E|CS|TAMS 0x000000008ce00000, 0x000000008ce00000| Complete 
| 173|0x000000008cf00000, 0x000000008d000000, 0x000000008d000000|100%| E|CS|TAMS 0x000000008cf00000, 0x000000008cf00000| Complete 
| 174|0x000000008d000000, 0x000000008d100000, 0x000000008d100000|100%| E|CS|TAMS 0x000000008d000000, 0x000000008d000000| Complete 
| 175|0x000000008d100000, 0x000000008d200000, 0x000000008d200000|100%| E|CS|TAMS 0x000000008d100000, 0x000000008d100000| Complete 
| 176|0x000000008d200000, 0x000000008d300000, 0x000000008d300000|100%| E|CS|TAMS 0x000000008d200000, 0x000000008d200000| Complete 
| 177|0x000000008d300000, 0x000000008d400000, 0x000000008d400000|100%| E|CS|TAMS 0x000000008d300000, 0x000000008d300000| Complete 
| 178|0x000000008d400000, 0x000000008d500000, 0x000000008d500000|100%| E|CS|TAMS 0x000000008d400000, 0x000000008d400000| Complete 
| 179|0x000000008d500000, 0x000000008d600000, 0x000000008d600000|100%| E|CS|TAMS 0x000000008d500000, 0x000000008d500000| Complete 
| 180|0x000000008d600000, 0x000000008d700000, 0x000000008d700000|100%| E|CS|TAMS 0x000000008d600000, 0x000000008d600000| Complete 
| 181|0x000000008d700000, 0x000000008d800000, 0x000000008d800000|100%| E|CS|TAMS 0x000000008d700000, 0x000000008d700000| Complete 
| 182|0x000000008d800000, 0x000000008d900000, 0x000000008d900000|100%| E|CS|TAMS 0x000000008d800000, 0x000000008d800000| Complete 

Card table byte_map: [0x000002889c040000,0x000002889c430000] _byte_map_base: 0x000002889bc2f000

Marking Bits (Prev, Next): (CMBitMap*) 0x0000028882e53858, (CMBitMap*) 0x0000028882e53890
 Prev Bits: [0x000002889c820000, 0x000002889e798000)
 Next Bits: [0x000002889e7a0000, 0x00000288a0718000)

Polling page: 0x0000028880f80000

Metaspace:

Usage:
  Non-class:     37.80 MB capacity,    37.02 MB ( 98%) used,   709.95 KB (  2%) free+waste,    85.88 KB ( <1%) overhead. 
      Class:      4.47 MB capacity,     4.15 MB ( 93%) used,   300.20 KB (  7%) free+waste,    34.75 KB ( <1%) overhead. 
       Both:     42.28 MB capacity,    41.17 MB ( 97%) used,  1010.14 KB (  2%) free+waste,   120.62 KB ( <1%) overhead. 

Virtual space:
  Non-class space:       38.00 MB reserved,      37.99 MB (>99%) committed 
      Class space:        1.00 GB reserved,       4.50 MB ( <1%) committed 
             Both:        1.04 GB reserved,      42.49 MB (  4%) committed 

Chunk freelists:
   Non-Class:  3.00 KB
       Class:  27.00 KB
        Both:  30.00 KB

MaxMetaspaceSize: 17179869184.00 GB
CompressedClassSpaceSize: 1.00 GB
Initial GC threshold: 20.80 MB
Current GC threshold: 58.53 MB
CDS: off

CodeHeap 'non-profiled nmethods': size=120000Kb used=5364Kb max_used=5364Kb free=114635Kb
 bounds [0x00000288943f0000, 0x0000028894930000, 0x000002889b920000]
CodeHeap 'profiled nmethods': size=120000Kb used=19359Kb max_used=19359Kb free=100640Kb
 bounds [0x000002888cec0000, 0x000002888e1b0000, 0x00000288943f0000]
CodeHeap 'non-nmethods': size=5760Kb used=1241Kb max_used=1320Kb free=4518Kb
 bounds [0x000002888c920000, 0x000002888cb90000, 0x000002888cec0000]
 total_blobs=8939 nmethods=8418 adapters=433
 compilation: enabled
              stopped_count=0, restarted_count=0
 full_count=0

Compilation events (20 events):
Event: 13.284 Thread 0x00000288a3a2d800 nmethod 8612 0x000002889492c490 code [0x000002889492c620, 0x000002889492c7b8]
Event: 13.431 Thread 0x00000288a3a44000 8613       3       java.util.concurrent.ArrayBlockingQueue::dequeue (75 bytes)
Event: 13.432 Thread 0x00000288a3a2d800 8614 %     4       java.lang.AbstractStringBuilder::appendChars @ 26 (130 bytes)
Event: 13.432 Thread 0x00000288a3a44000 nmethod 8613 0x000002888e197c10 code [0x000002888e197e20, 0x000002888e198458]
Event: 13.432 Thread 0x00000288a3a44000 8615   !   3       java.util.concurrent.ArrayBlockingQueue::put (58 bytes)
Event: 13.433 Thread 0x00000288a3a44000 nmethod 8615 0x000002888e198690 code [0x000002888e198920, 0x000002888e1993c8]
Event: 13.433 Thread 0x00000288a3a44000 8616       3       java.util.concurrent.ArrayBlockingQueue::enqueue (53 bytes)
Event: 13.433 Thread 0x00000288a3a44000 nmethod 8616 0x000002888e199890 code [0x000002888e199aa0, 0x000002888e19a068]
Event: 13.433 Thread 0x00000288a3a44000 8617       3       org.apache.maven.plugin.surefire.booterclient.output.ForkClient::consumeLine (13 bytes)
Event: 13.434 Thread 0x00000288a3a44000 nmethod 8617 0x000002888e19a290 code [0x000002888e19a480, 0x000002888e19a8b8]
Event: 13.434 Thread 0x00000288a3a44000 8618   !   3       org.apache.maven.plugin.surefire.booterclient.output.ForkClient::processLine (715 bytes)
Event: 13.439 Thread 0x00000288a3a44000 nmethod 8618 0x000002888e19aa90 code [0x000002888e19b780, 0x000002888e1a2c58]
Event: 13.439 Thread 0x00000288a3a44000 8619       3       org.apache.maven.plugin.surefire.booterclient.output.ForkClient$OperationalData::<init> (78 bytes)
Event: 13.440 Thread 0x00000288a3a2d800 nmethod 8614% 0x000002889492c890 code [0x000002889492ca40, 0x000002889492cef8]
Event: 13.440 Thread 0x00000288a3a44000 nmethod 8619 0x000002888e1a5310 code [0x000002888e1a5680, 0x000002888e1a6978]
Event: 13.797 Thread 0x00000288a3a44000 8620       3       java.util.concurrent.locks.AbstractQueuedSynchronizer::release (33 bytes)
Event: 13.798 Thread 0x00000288a3a44000 nmethod 8620 0x000002888e1a7110 code [0x000002888e1a72e0, 0x000002888e1a75b8]
Event: 14.850 Thread 0x00000288a3a44000 8621       3       java.nio.charset.CharsetEncoder::flush (49 bytes)
Event: 14.850 Thread 0x00000288a3a44000 nmethod 8621 0x000002888e1a7690 code [0x000002888e1a7860, 0x000002888e1a7c28]
Event: 16.694 Thread 0x00000288a3a2d800 8622       4       java.lang.Throwable::<init> (39 bytes)

GC Heap History (20 events):
Event: 3.506 GC heap before
{Heap before GC invocations=4 (full 0):
 garbage-first heap   total 129024K, used 71702K [0x0000000082200000, 0x0000000100000000)
  region size 1024K, 66 young (67584K), 7 survivors (7168K)
 Metaspace       used 23480K, capacity 23978K, committed 24064K, reserved 1071104K
  class space    used 2368K, capacity 2539K, committed 2560K, reserved 1048576K
}
Event: 3.517 GC heap after
{Heap after GC invocations=5 (full 0):
 garbage-first heap   total 129024K, used 15340K [0x0000000082200000, 0x0000000100000000)
  region size 1024K, 8 young (8192K), 8 survivors (8192K)
 Metaspace       used 23480K, capacity 23978K, committed 24064K, reserved 1071104K
  class space    used 2368K, capacity 2539K, committed 2560K, reserved 1048576K
}
Event: 4.767 GC heap before
{Heap before GC invocations=5 (full 0):
 garbage-first heap   total 129024K, used 82924K [0x0000000082200000, 0x0000000100000000)
  region size 1024K, 73 young (74752K), 8 survivors (8192K)
 Metaspace       used 32147K, capacity 32877K, committed 33024K, reserved 1079296K
  class space    used 3331K, capacity 3574K, committed 3584K, reserved 1048576K
}
Event: 4.787 GC heap after
{Heap after GC invocations=6 (full 0):
 garbage-first heap   total 155648K, used 22871K [0x0000000082200000, 0x0000000100000000)
  region size 1024K, 10 young (10240K), 10 survivors (10240K)
 Metaspace       used 32147K, capacity 32877K, committed 33024K, reserved 1079296K
  class space    used 3331K, capacity 3574K, committed 3584K, reserved 1048576K
}
Event: 5.479 GC heap before
{Heap before GC invocations=6 (full 0):
 garbage-first heap   total 155648K, used 99671K [0x0000000082200000, 0x0000000100000000)
  region size 1024K, 82 young (83968K), 10 survivors (10240K)
 Metaspace       used 34031K, capacity 34927K, committed 35072K, reserved 1081344K
  class space    used 3505K, capacity 3784K, committed 3840K, reserved 1048576K
}
Event: 5.500 GC heap after
{Heap after GC invocations=7 (full 0):
 garbage-first heap   total 155648K, used 39577K [0x0000000082200000, 0x0000000100000000)
  region size 1024K, 11 young (11264K), 11 survivors (11264K)
 Metaspace       used 34031K, capacity 34927K, committed 35072K, reserved 1081344K
  class space    used 3505K, capacity 3784K, committed 3840K, reserved 1048576K
}
Event: 5.604 GC heap before
{Heap before GC invocations=7 (full 0):
 garbage-first heap   total 155648K, used 46745K [0x0000000082200000, 0x0000000100000000)
  region size 1024K, 19 young (19456K), 11 survivors (11264K)
 Metaspace       used 34498K, capacity 35410K, committed 35584K, reserved 1081344K
  class space    used 3546K, capacity 3817K, committed 3840K, reserved 1048576K
}
Event: 5.615 GC heap after
{Heap after GC invocations=8 (full 0):
 garbage-first heap   total 155648K, used 41984K [0x0000000082200000, 0x0000000100000000)
  region size 1024K, 2 young (2048K), 2 survivors (2048K)
 Metaspace       used 34498K, capacity 35410K, committed 35584K, reserved 1081344K
  class space    used 3546K, capacity 3817K, committed 3840K, reserved 1048576K
}
Event: 5.907 GC heap before
{Heap before GC invocations=9 (full 0):
 garbage-first heap   total 155648K, used 88064K [0x0000000082200000, 0x0000000100000000)
  region size 1024K, 47 young (48128K), 2 survivors (2048K)
 Metaspace       used 35512K, capacity 36444K, committed 36728K, reserved 1081344K
  class space    used 3655K, capacity 3936K, committed 3968K, reserved 1048576K
}
Event: 5.909 GC heap after
{Heap after GC invocations=10 (full 0):
 garbage-first heap   total 155648K, used 41355K [0x0000000082200000, 0x0000000100000000)
  region size 1024K, 1 young (1024K), 1 survivors (1024K)
 Metaspace       used 35512K, capacity 36444K, committed 36728K, reserved 1081344K
  class space    used 3655K, capacity 3936K, committed 3968K, reserved 1048576K
}
Event: 6.172 GC heap before
{Heap before GC invocations=10 (full 0):
 garbage-first heap   total 155648K, used 93579K [0x0000000082200000, 0x0000000100000000)
  region size 1024K, 52 young (53248K), 1 survivors (1024K)
 Metaspace       used 36040K, capacity 36973K, committed 37368K, reserved 1083392K
  class space    used 3681K, capacity 3976K, committed 4096K, reserved 1048576K
}
Event: 6.175 GC heap after
{Heap after GC invocations=11 (full 0):
 garbage-first heap   total 155648K, used 41964K [0x0000000082200000, 0x0000000100000000)
  region size 1024K, 2 young (2048K), 2 survivors (2048K)
 Metaspace       used 36040K, capacity 36973K, committed 37368K, reserved 1083392K
  class space    used 3681K, capacity 3976K, committed 4096K, reserved 1048576K
}
Event: 6.946 GC heap before
{Heap before GC invocations=11 (full 0):
 garbage-first heap   total 155648K, used 98284K [0x0000000082200000, 0x0000000100000000)
  region size 1024K, 56 young (57344K), 2 survivors (2048K)
 Metaspace       used 37976K, capacity 38967K, committed 39032K, reserved 1083392K
  class space    used 3873K, capacity 4192K, committed 4224K, reserved 1048576K
}
Event: 6.961 GC heap after
{Heap after GC invocations=12 (full 0):
 garbage-first heap   total 155648K, used 46543K [0x0000000082200000, 0x0000000100000000)
  region size 1024K, 7 young (7168K), 7 survivors (7168K)
 Metaspace       used 37976K, capacity 38967K, committed 39032K, reserved 1083392K
  class space    used 3873K, capacity 4192K, committed 4224K, reserved 1048576K
}
Event: 7.626 GC heap before
{Heap before GC invocations=12 (full 0):
 garbage-first heap   total 155648K, used 104911K [0x0000000082200000, 0x0000000100000000)
  region size 1024K, 62 young (63488K), 7 survivors (7168K)
 Metaspace       used 38422K, capacity 39489K, committed 39672K, reserved 1085440K
  class space    used 3900K, capacity 4238K, committed 4352K, reserved 1048576K
}
Event: 7.642 GC heap after
{Heap after GC invocations=13 (full 0):
 garbage-first heap   total 187392K, used 63236K [0x0000000082200000, 0x0000000100000000)
  region size 1024K, 8 young (8192K), 8 survivors (8192K)
 Metaspace       used 38422K, capacity 39489K, committed 39672K, reserved 1085440K
  class space    used 3900K, capacity 4238K, committed 4352K, reserved 1048576K
}
Event: 8.048 GC heap before
{Heap before GC invocations=13 (full 0):
 garbage-first heap   total 187392K, used 122628K [0x0000000082200000, 0x0000000100000000)
  region size 1024K, 66 young (67584K), 8 survivors (8192K)
 Metaspace       used 39515K, capacity 40591K, committed 40824K, reserved 1085440K
  class space    used 4031K, capacity 4368K, committed 4480K, reserved 1048576K
}
Event: 8.054 GC heap after
{Heap after GC invocations=14 (full 0):
 garbage-first heap   total 187392K, used 65517K [0x0000000082200000, 0x0000000100000000)
  region size 1024K, 2 young (2048K), 2 survivors (2048K)
 Metaspace       used 39515K, capacity 40591K, committed 40824K, reserved 1085440K
  class space    used 4031K, capacity 4368K, committed 4480K, reserved 1048576K
}
Event: 8.663 GC heap before
{Heap before GC invocations=14 (full 0):
 garbage-first heap   total 187392K, used 129005K [0x0000000082200000, 0x0000000100000000)
  region size 1024K, 62 young (63488K), 2 survivors (2048K)
 Metaspace       used 41013K, capacity 42092K, committed 42104K, reserved 1087488K
  class space    used 4138K, capacity 4479K, committed 4480K, reserved 1048576K
}
Event: 8.670 GC heap after
{Heap after GC invocations=15 (full 0):
 garbage-first heap   total 187392K, used 68499K [0x0000000082200000, 0x0000000100000000)
  region size 1024K, 5 young (5120K), 5 survivors (5120K)
 Metaspace       used 41013K, capacity 42092K, committed 42104K, reserved 1087488K
  class space    used 4138K, capacity 4479K, committed 4480K, reserved 1048576K
}

Deoptimization events (20 events):
Event: 12.910 Thread 0x00000288a99c9000 DEOPT PACKING pc=0x000002889491c0c0 sp=0x00000090d88fef90
Event: 12.910 Thread 0x00000288a99c9000 DEOPT UNPACKING pc=0x000002888c96a1af sp=0x00000090d88fef10 mode 2
Event: 12.910 Thread 0x00000288a99c9000 Uncommon trap: trap_request=0xffffffbe fr.pc=0x000002889491c0c0 relative=0x00000000000003a0
Event: 12.910 Thread 0x00000288a99c9000 Uncommon trap: reason=profile_predicate action=maybe_recompile pc=0x000002889491c0c0 method=org.apache.maven.plugin.surefire.report.StatelessXmlReporter.containsEscapesIllegalXml10(Ljava/lang/String;)Z @ 9 c2
Event: 12.910 Thread 0x00000288a99c9000 DEOPT PACKING pc=0x000002889491c0c0 sp=0x00000090d88fef90
Event: 12.910 Thread 0x00000288a99c9000 DEOPT UNPACKING pc=0x000002888c96a1af sp=0x00000090d88fef10 mode 2
Event: 12.911 Thread 0x00000288a99c9000 DEOPT PACKING pc=0x000002888e15ae1a sp=0x00000090d88fee70
Event: 12.911 Thread 0x00000288a99c9000 DEOPT UNPACKING pc=0x000002888c96a95e sp=0x00000090d88fe390 mode 0
Event: 16.694 Thread 0x00000288a99c9000 Uncommon trap: trap_request=0xffffff4d fr.pc=0x00000288946500ac relative=0x00000000000007cc
Event: 16.694 Thread 0x00000288a99c9000 Uncommon trap: reason=unstable_if action=reinterpret pc=0x00000288946500ac method=java.util.Formatter$Conversion.isGeneral(C)Z @ 1 c2
Event: 16.694 Thread 0x00000288a99c9000 DEOPT PACKING pc=0x00000288946500ac sp=0x00000090d88feab0
Event: 16.694 Thread 0x00000288a99c9000 DEOPT UNPACKING pc=0x000002888c96a1af sp=0x00000090d88fe950 mode 2
Event: 16.694 Thread 0x00000288a99c9000 Uncommon trap: trap_request=0xffffff4d fr.pc=0x000002889453bcd4 relative=0x0000000000000034
Event: 16.694 Thread 0x00000288a99c9000 Uncommon trap: reason=unstable_if action=reinterpret pc=0x000002889453bcd4 method=java.util.Formatter$Conversion.isGeneral(C)Z @ 1 c2
Event: 16.694 Thread 0x00000288a99c9000 DEOPT PACKING pc=0x000002889453bcd4 sp=0x00000090d88fea80
Event: 16.694 Thread 0x00000288a99c9000 DEOPT UNPACKING pc=0x000002888c96a1af sp=0x00000090d88fea10 mode 2
Event: 16.695 Thread 0x00000288a99c9000 Uncommon trap: trap_request=0xffffff4d fr.pc=0x0000028894653e0c relative=0x000000000000068c
Event: 16.695 Thread 0x00000288a99c9000 Uncommon trap: reason=unstable_if action=reinterpret pc=0x0000028894653e0c method=java.util.Formatter$FormatSpecifier.print(Ljava/lang/Object;Ljava/util/Locale;)V @ 18 c2
Event: 16.695 Thread 0x00000288a99c9000 DEOPT PACKING pc=0x0000028894653e0c sp=0x00000090d88fec40
Event: 16.695 Thread 0x00000288a99c9000 DEOPT UNPACKING pc=0x000002888c96a1af sp=0x00000090d88fec28 mode 2

Classes redefined (0 events):
No events

Internal exceptions (20 events):
Event: 8.283 Thread 0x0000028882e12800 Exception <a 'sun/nio/fs/WindowsException'{0x000000008bf465f8}> (0x000000008bf465f8) thrown at [s\src\hotspot\share\prims\jni.cpp, line 617]
Event: 8.283 Thread 0x0000028882e12800 Exception <a 'sun/nio/fs/WindowsException'{0x000000008bf46828}> (0x000000008bf46828) thrown at [s\src\hotspot\share\prims\jni.cpp, line 617]
Event: 8.283 Thread 0x0000028882e12800 Exception <a 'sun/nio/fs/WindowsException'{0x000000008bf481c8}> (0x000000008bf481c8) thrown at [s\src\hotspot\share\prims\jni.cpp, line 617]
Event: 8.283 Thread 0x0000028882e12800 Exception <a 'sun/nio/fs/WindowsException'{0x000000008bf484b8}> (0x000000008bf484b8) thrown at [s\src\hotspot\share\prims\jni.cpp, line 617]
Event: 8.290 Thread 0x0000028882e12800 Exception <a 'sun/nio/fs/WindowsException'{0x000000008be1e780}> (0x000000008be1e780) thrown at [s\src\hotspot\share\prims\jni.cpp, line 617]
Event: 8.290 Thread 0x0000028882e12800 Exception <a 'sun/nio/fs/WindowsException'{0x000000008be1ee28}> (0x000000008be1ee28) thrown at [s\src\hotspot\share\prims\jni.cpp, line 617]
Event: 8.291 Thread 0x0000028882e12800 Exception <a 'sun/nio/fs/WindowsException'{0x000000008be1f660}> (0x000000008be1f660) thrown at [s\src\hotspot\share\prims\jni.cpp, line 617]
Event: 8.296 Thread 0x0000028882e12800 Exception <a 'sun/nio/fs/WindowsException'{0x000000008bd0e6e0}> (0x000000008bd0e6e0) thrown at [s\src\hotspot\share\prims\jni.cpp, line 617]
Event: 8.296 Thread 0x0000028882e12800 Exception <a 'sun/nio/fs/WindowsException'{0x000000008bd0eda8}> (0x000000008bd0eda8) thrown at [s\src\hotspot\share\prims\jni.cpp, line 617]
Event: 8.296 Thread 0x0000028882e12800 Exception <a 'sun/nio/fs/WindowsException'{0x000000008bd0f690}> (0x000000008bd0f690) thrown at [s\src\hotspot\share\prims\jni.cpp, line 617]
Event: 8.309 Thread 0x0000028882e12800 Exception <a 'sun/nio/fs/WindowsException'{0x000000008bb241b8}> (0x000000008bb241b8) thrown at [s\src\hotspot\share\prims\jni.cpp, line 617]
Event: 8.309 Thread 0x0000028882e12800 Exception <a 'sun/nio/fs/WindowsException'{0x000000008bb24888}> (0x000000008bb24888) thrown at [s\src\hotspot\share\prims\jni.cpp, line 617]
Event: 8.309 Thread 0x0000028882e12800 Exception <a 'sun/nio/fs/WindowsException'{0x000000008bb25178}> (0x000000008bb25178) thrown at [s\src\hotspot\share\prims\jni.cpp, line 617]
Event: 8.558 Thread 0x0000028882e12800 Exception <a 'java/lang/NoSuchMethodError'{0x000000008a95c2e8}: 'java.lang.String org.apache.maven.execution.MavenExecutionRequest.getFailureBehavior()'> (0x000000008a95c2e8) thrown at [s\src\hotspot\share\interpreter\linkResolver.cpp, line 868]
Event: 8.559 Thread 0x00000288ad370800 Exception <a 'java/lang/NoSuchMethodError'{0x000000008ab495e0}: 'java.lang.Object java.lang.invoke.DirectMethodHandle$Holder.invokeStaticInit(java.lang.Object, java.lang.Object, long, java.lang.Object)'> (0x000000008ab495e0) thrown at [s\src\hotspot\share\interpreter\linkResolver.cpp, line 773]
Event: 8.562 Thread 0x00000288ad370800 Exception <a 'java/lang/NoSuchMethodError'{0x000000008ab55700}: 'java.lang.Object java.lang.invoke.Invokers$Holder.linkToTargetMethod(java.lang.Object, long, java.lang.Object)'> (0x000000008ab55700) thrown at [s\src\hotspot\share\interpreter\linkResolver.cpp, line 773]
Event: 8.822 Thread 0x0000028882e12800 Exception <a 'java/lang/NoSuchMethodError'{0x000000008cb20e70}: 'void java.lang.invoke.DirectMethodHandle$Holder.invokeStatic(java.lang.Object, long)'> (0x000000008cb20e70) thrown at [s\src\hotspot\share\interpreter\linkResolver.cpp, line 773]
Event: 8.822 Thread 0x0000028882e12800 Exception <a 'java/lang/NoSuchMethodError'{0x000000008cb26088}: 'java.lang.Object java.lang.invoke.DirectMethodHandle$Holder.invokeStatic(java.lang.Object, long)'> (0x000000008cb26088) thrown at [s\src\hotspot\share\interpreter\linkResolver.cpp, line 773]
Event: 8.823 Thread 0x0000028882e12800 Exception <a 'java/lang/NoSuchMethodError'{0x000000008cb293b0}: 'java.lang.Object java.lang.invoke.DirectMethodHandle$Holder.invokeSpecial(java.lang.Object, java.lang.Object, long)'> (0x000000008cb293b0) thrown at [s\src\hotspot\share\interpreter\linkResolver.cpp, line 773]
Event: 8.823 Thread 0x0000028882e12800 Exception <a 'java/lang/NoSuchMethodError'{0x000000008cb2c118}: 'java.lang.Object java.lang.invoke.Invokers$Holder.linkToTargetMethod(long, java.lang.Object)'> (0x000000008cb2c118) thrown at [s\src\hotspot\share\interpreter\linkResolver.cpp, line 773]

Events (20 events):
Event: 12.433 loading class org/apache/maven/plugin/surefire/report/TestMethodStats done
Event: 12.433 loading class org/apache/maven/plugin/surefire/report/TestMethodStats
Event: 12.433 loading class org/apache/maven/plugin/surefire/report/TestMethodStats done
Event: 12.433 loading class org/apache/maven/plugin/surefire/report/TestMethodStats
Event: 12.433 loading class org/apache/maven/plugin/surefire/report/TestMethodStats done
Event: 12.879 Thread 0x00000288a9501800 Thread added: 0x00000288a9501800
Event: 13.071 Thread 0x00000288a9501800 Thread exited: 0x00000288a9501800
Event: 13.077 Thread 0x00000288a3c38000 Thread exited: 0x00000288a3c38000
Event: 16.694 loading class org/apache/maven/plugin/surefire/booterclient/output/InPluginProcessDumpSingleton
Event: 16.694 loading class org/apache/maven/plugin/surefire/booterclient/output/InPluginProcessDumpSingleton done
Event: 16.694 loading class org/apache/maven/plugin/surefire/booterclient/output/InPluginProcessDumpSingleton
Event: 16.694 loading class org/apache/maven/plugin/surefire/booterclient/output/InPluginProcessDumpSingleton done
Event: 16.694 loading class org/apache/maven/plugin/surefire/booterclient/output/InPluginProcessDumpSingleton
Event: 16.694 loading class org/apache/maven/plugin/surefire/booterclient/output/InPluginProcessDumpSingleton done
Event: 16.694 loading class org/apache/maven/plugin/surefire/booterclient/output/InPluginProcessDumpSingleton
Event: 16.694 loading class org/apache/maven/plugin/surefire/booterclient/output/InPluginProcessDumpSingleton done
Event: 16.695 loading class java/lang/Throwable$WrappedPrintWriter
Event: 16.695 loading class java/lang/Throwable$PrintStreamOrWriter
Event: 16.695 loading class java/lang/Throwable$PrintStreamOrWriter done
Event: 16.696 loading class java/lang/Throwable$WrappedPrintWriter done


Dynamic libraries:
0x00007ff73e330000 - 0x00007ff73e33e000 	C:\Program Files\OpenLogic\jdk-11.0.22.7-hotspot\bin\java.exe
0x00007fffe9a10000 - 0x00007fffe9c27000 	C:\Windows\SYSTEM32\ntdll.dll
0x00007fffe9560000 - 0x00007fffe9624000 	C:\Windows\System32\KERNEL32.DLL
0x00007fffe7250000 - 0x00007fffe75fd000 	C:\Windows\System32\KERNELBASE.dll
0x00007fffe6e00000 - 0x00007fffe6f11000 	C:\Windows\System32\ucrtbase.dll
0x00007fffdca80000 - 0x00007fffdca97000 	C:\Program Files\OpenLogic\jdk-11.0.22.7-hotspot\bin\jli.dll
0x00007fffdc6a0000 - 0x00007fffdc6bb000 	C:\Program Files\OpenLogic\jdk-11.0.22.7-hotspot\bin\VCRUNTIME140.dll
0x00007fffe8780000 - 0x00007fffe892e000 	C:\Windows\System32\USER32.dll
0x00007fffe7600000 - 0x00007fffe7626000 	C:\Windows\System32\win32u.dll
0x00007fffd04f0000 - 0x00007fffd0783000 	C:\Windows\WinSxS\amd64_microsoft.windows.common-controls_6595b64144ccf1df_6.0.22621.3672_none_2713b9d173822955\COMCTL32.dll
0x00007fffe7e90000 - 0x00007fffe7eb9000 	C:\Windows\System32\GDI32.dll
0x00007fffe92d0000 - 0x00007fffe9377000 	C:\Windows\System32\msvcrt.dll
0x00007fffe7630000 - 0x00007fffe7749000 	C:\Windows\System32\gdi32full.dll
0x00007fffe7010000 - 0x00007fffe70aa000 	C:\Windows\System32\msvcp_win.dll
0x00007fffe8930000 - 0x00007fffe8961000 	C:\Windows\System32\IMM32.DLL
0x00007fffdca70000 - 0x00007fffdca7c000 	C:\Program Files\OpenLogic\jdk-11.0.22.7-hotspot\bin\vcruntime140_1.dll
0x00007fffbcc30000 - 0x00007fffbccbd000 	C:\Program Files\OpenLogic\jdk-11.0.22.7-hotspot\bin\msvcp140.dll
0x00007fff88150000 - 0x00007fff88c9d000 	C:\Program Files\OpenLogic\jdk-11.0.22.7-hotspot\bin\server\jvm.dll
0x00007fffe9630000 - 0x00007fffe96e2000 	C:\Windows\System32\ADVAPI32.dll
0x00007fffe77d0000 - 0x00007fffe7879000 	C:\Windows\System32\sechost.dll
0x00007fffe70b0000 - 0x00007fffe70d8000 	C:\Windows\System32\bcrypt.dll
0x00007fffe9430000 - 0x00007fffe9544000 	C:\Windows\System32\RPCRT4.dll
0x00007fffe96f0000 - 0x00007fffe96f8000 	C:\Windows\System32\PSAPI.DLL
0x00007fffe0400000 - 0x00007fffe0409000 	C:\Windows\SYSTEM32\WSOCK32.dll
0x00007fffdf130000 - 0x00007fffdf164000 	C:\Windows\SYSTEM32\WINMM.dll
0x00007fffe9710000 - 0x00007fffe9781000 	C:\Windows\System32\WS2_32.dll
0x00007fffdc7a0000 - 0x00007fffdc7aa000 	C:\Windows\SYSTEM32\VERSION.dll
0x00007fffe5d70000 - 0x00007fffe5d88000 	C:\Windows\SYSTEM32\kernel.appcore.dll
0x00007fffdc720000 - 0x00007fffdc730000 	C:\Program Files\OpenLogic\jdk-11.0.22.7-hotspot\bin\verify.dll
0x00007fffe1640000 - 0x00007fffe1872000 	C:\Windows\SYSTEM32\DBGHELP.DLL
0x00007fffe7880000 - 0x00007fffe7c08000 	C:\Windows\System32\combase.dll
0x00007fffe9790000 - 0x00007fffe9867000 	C:\Windows\System32\OLEAUT32.dll
0x00007fffdcae0000 - 0x00007fffdcb12000 	C:\Windows\SYSTEM32\dbgcore.DLL
0x00007fffe6f90000 - 0x00007fffe700b000 	C:\Windows\System32\bcryptPrimitives.dll
0x00007fffdc440000 - 0x00007fffdc468000 	C:\Program Files\OpenLogic\jdk-11.0.22.7-hotspot\bin\java.dll
0x00007fffdc430000 - 0x00007fffdc43a000 	C:\Program Files\OpenLogic\jdk-11.0.22.7-hotspot\bin\jimage.dll
0x00007fffdc420000 - 0x00007fffdc42e000 	C:\Program Files\OpenLogic\jdk-11.0.22.7-hotspot\bin\instrument.dll
0x00007fffdc2c0000 - 0x00007fffdc2d8000 	C:\Program Files\OpenLogic\jdk-11.0.22.7-hotspot\bin\zip.dll
0x00007fffe8970000 - 0x00007fffe91cf000 	C:\Windows\System32\SHELL32.dll
0x00007fffe4c90000 - 0x00007fffe558c000 	C:\Windows\SYSTEM32\windows.storage.dll
0x00007fffe4b50000 - 0x00007fffe4c8f000 	C:\Windows\SYSTEM32\wintypes.dll
0x00007fffe91d0000 - 0x00007fffe92c4000 	C:\Windows\System32\SHCORE.dll
0x00007fffe7ca0000 - 0x00007fffe7cfe000 	C:\Windows\System32\shlwapi.dll
0x00007fffe6c70000 - 0x00007fffe6c91000 	C:\Windows\SYSTEM32\profapi.dll
0x00007fffdb600000 - 0x00007fffdb619000 	C:\Program Files\OpenLogic\jdk-11.0.22.7-hotspot\bin\net.dll
0x00007fffdf8d0000 - 0x00007fffdfa06000 	C:\Windows\SYSTEM32\WINHTTP.dll
0x00007fffe61e0000 - 0x00007fffe6249000 	C:\Windows\system32\mswsock.dll
0x00007fffdb5e0000 - 0x00007fffdb5f2000 	C:\Program Files\OpenLogic\jdk-11.0.22.7-hotspot\bin\nio.dll
0x00007fffd9c70000 - 0x00007fffd9c8a000 	C:\Program Files\JetBrains\IntelliJ IDEA 2021.2.1\bin\breakgen64.dll
0x00007fffe6440000 - 0x00007fffe645b000 	C:\Windows\SYSTEM32\CRYPTSP.dll
0x00007fffe5cd0000 - 0x00007fffe5d05000 	C:\Windows\system32\rsaenh.dll
0x00007fffe62e0000 - 0x00007fffe6308000 	C:\Windows\SYSTEM32\USERENV.dll
0x00007fffe6460000 - 0x00007fffe646c000 	C:\Windows\SYSTEM32\CRYPTBASE.dll
0x00007fffe57f0000 - 0x00007fffe581d000 	C:\Windows\SYSTEM32\IPHLPAPI.DLL
0x00007fffe7e60000 - 0x00007fffe7e69000 	C:\Windows\System32\NSI.dll
0x00007fffdf810000 - 0x00007fffdf829000 	C:\Windows\SYSTEM32\dhcpcsvc6.DLL
0x00007fffdf7d0000 - 0x00007fffdf7ef000 	C:\Windows\SYSTEM32\dhcpcsvc.DLL
0x00007fffe5860000 - 0x00007fffe5958000 	C:\Windows\SYSTEM32\DNSAPI.dll
0x00007fffdb5d0000 - 0x00007fffdb5da000 	C:\Users\\AppData\Local\Temp\jansi-1.17.1-11609944528541572895.dll
0x00007fffd9c60000 - 0x00007fffd9c6a000 	C:\Users\\AppData\Local\Temp\jansi-1.17.1-15989715591485136612.dll

dbghelp: loaded successfully - version: 4.0.5 - missing functions: none
symbol engine: initialized successfully - sym options: 0x614 - pdb path: .;C:\Program Files\OpenLogic\jdk-11.0.22.7-hotspot\bin;C:\Windows\SYSTEM32;C:\Windows\WinSxS\amd64_microsoft.windows.common-controls_6595b64144ccf1df_6.0.22621.3672_none_2713b9d173822955;C:\Program Files\OpenLogic\jdk-11.0.22.7-hotspot\bin\server;C:\Program Files\JetBrains\IntelliJ IDEA 2021.2.1\bin;C:\Users\\AppData\Local\Temp

VM Arguments:
jvm_args: -Dmaven.multiModuleProjectDirectory=E:\aml\library -Dmaven.home=C:\Program Files\JetBrains\IntelliJ IDEA 2021.2.1\plugins\maven\lib\maven3 -Dclassworlds.conf=C:\Program Files\JetBrains\IntelliJ IDEA 2021.2.1\plugins\maven\lib\maven3\bin\m2.conf -Dmaven.ext.class.path=C:\Program Files\JetBrains\IntelliJ IDEA 2021.2.1\plugins\maven\lib\maven-event-listener.jar -javaagent:C:\Program Files\JetBrains\IntelliJ IDEA 2021.2.1\lib\idea_rt.jar=53499:C:\Program Files\JetBrains\IntelliJ IDEA 2021.2.1\bin -Dfile.encoding=UTF-8 
java_command: org.codehaus.classworlds.Launcher -Didea.version=2021.2.1 clean install
java_class_path (initial): C:\Program Files\JetBrains\IntelliJ IDEA 2021.2.1\plugins\maven\lib\maven3\boot\plexus-classworlds-2.6.0.jar;C:\Program Files\JetBrains\IntelliJ IDEA 2021.2.1\plugins\maven\lib\maven3\boot\plexus-classworlds.license
Launcher Type: SUN_STANDARD

[Global flags]
     intx CICompilerCount                          = 4                                         {product} {ergonomic}
     uint ConcGCThreads                            = 2                                         {product} {ergonomic}
     uint G1ConcRefinementThreads                  = 8                                         {product} {ergonomic}
   size_t G1HeapRegionSize                         = 1048576                                   {product} {ergonomic}
    uintx GCDrainStackTargetSize                   = 64                                        {product} {ergonomic}
   size_t InitialHeapSize                          = 132120576                                 {product} {ergonomic}
   size_t MarkStackSize                            = 4194304                                   {product} {ergonomic}
   size_t MaxHeapSize                              = 2111832064                                {product} {ergonomic}
   size_t MaxNewSize                               = 1266679808                                {product} {ergonomic}
   size_t MinHeapDeltaBytes                        = 1048576                                   {product} {ergonomic}
    uintx NonNMethodCodeHeapSize                   = 5836300                                {pd product} {ergonomic}
    uintx NonProfiledCodeHeapSize                  = 122910970                              {pd product} {ergonomic}
    uintx ProfiledCodeHeapSize                     = 122910970                              {pd product} {ergonomic}
    uintx ReservedCodeCacheSize                    = 251658240                              {pd product} {ergonomic}
     bool SegmentedCodeCache                       = true                                      {product} {ergonomic}
     bool UseCompressedClassPointers               = true                                 {lp64_product} {ergonomic}
     bool UseCompressedOops                        = true                                 {lp64_product} {ergonomic}
     bool UseG1GC                                  = true                                      {product} {ergonomic}
     bool UseLargePagesIndividualAllocation        = false                                  {pd product} {ergonomic}

Logging:
Log output configuration:
 #0: stdout all=warning uptime,level,tags
 #1: stderr all=off uptime,level,tags

Environment Variables:
PATH=C:\Program Files\OpenLogic\jdk-11.0.22.7-hotspot\bin;C:\Windows\system32;C:\Windows;C:\Windows\System32\Wbem;C:\Windows\System32\WindowsPowerShell\v1.0\;C:\Windows\System32\OpenSSH\;C:\Users\\AppData\Local\Microsoft\WindowsApps;
USERNAME=
OS=Windows_NT
PROCESSOR_IDENTIFIER=Intel64 Family 6 Model 142 Stepping 10, GenuineIntel
TMP=C:\Users\4400~1\AppData\Local\Temp
TEMP=C:\Users\4400~1\AppData\Local\Temp



---------------  S Y S T E M  ---------------

OS: Windows 11 , 64 bit Build 22621 (10.0.22621.3672)
OS uptime: 0 days 6:49 hours

CPU:total 8 (initial active 8) (4 cores per cpu, 2 threads per core) family 6 model 142 stepping 10 microcode 0xf0, cmov, cx8, fxsr, mmx, sse, sse2, sse3, ssse3, sse4.1, sse4.2, popcnt, avx, avx2, aes, clmul, erms, 3dnowpref, lzcnt, ht, tsc, tscinvbit, bmi1, bmi2, adx, fma

Memory: 4k page, system-wide physical 8052M (705M free)
TotalPageFile size 11049M (AvailPageFile size 10M)
current process WorkingSet (physical memory assigned to process): 316M, peak: 394M
current process commit charge ("private bytes"): 351M, peak: 430M

vm_info: OpenJDK 64-Bit Server VM (11.0.22+7-adhoc..jdk11u) for windows-amd64 JRE (11.0.22+7-adhoc..jdk11u), built on Jan 24 2024 04:51:39 by "" with MS VC++ 16.10 / 16.11 (VS2019)

END.
